{"C:\\Projetos\\phaser\\HAGU\\src\\constants.js": {"path":"C:\\Projetos\\phaser\\HAGU\\src\\constants.js","statementMap":{"0":{"start":{"line":1,"column":26},"end":{"line":19,"column":1}},"1":{"start":{"line":23,"column":26},"end":{"line":43,"column":1}},"2":{"start":{"line":48,"column":26},"end":{"line":56,"column":1}},"3":{"start":{"line":62,"column":32},"end":{"line":62,"column":33}},"4":{"start":{"line":67,"column":29},"end":{"line":67,"column":32}},"5":{"start":{"line":72,"column":30},"end":{"line":75,"column":1}},"6":{"start":{"line":80,"column":26},"end":{"line":82,"column":1}},"7":{"start":{"line":87,"column":28},"end":{"line":89,"column":1}},"8":{"start":{"line":94,"column":31},"end":{"line":96,"column":1}},"9":{"start":{"line":101,"column":32},"end":{"line":103,"column":1}}},"fnMap":{},"branchMap":{},"s":{"0":3,"1":3,"2":3,"3":3,"4":3,"5":3,"6":3,"7":3,"8":3,"9":3},"f":{},"b":{},"meta":{"lastBranch":0,"lastFunction":0,"lastStatement":10,"seen":{"s:1:26:19:1":0,"s:23:26:43:1":1,"s:48:26:56:1":2,"s:62:32:62:33":3,"s:67:29:67:32":4,"s:72:30:75:1":5,"s:80:26:82:1":6,"s:87:28:89:1":7,"s:94:31:96:1":8,"s:101:32:103:1":9},"fnNames":{}}}
,"C:\\Projetos\\phaser\\HAGU\\src\\game\\commons\\dustTrail.js": {"path":"C:\\Projetos\\phaser\\HAGU\\src\\game\\commons\\dustTrail.js","statementMap":{"0":{"start":{"line":3,"column":19},"end":{"line":3,"column":27}},"1":{"start":{"line":4,"column":36},"end":{"line":4,"column":37}},"2":{"start":{"line":5,"column":31},"end":{"line":5,"column":33}},"3":{"start":{"line":6,"column":32},"end":{"line":6,"column":33}},"4":{"start":{"line":7,"column":28},"end":{"line":7,"column":29}},"5":{"start":{"line":8,"column":27},"end":{"line":8,"column":28}},"6":{"start":{"line":13,"column":25},"end":{"line":13,"column":27}},"7":{"start":{"line":14,"column":26},"end":{"line":14,"column":28}},"8":{"start":{"line":15,"column":25},"end":{"line":15,"column":33}},"9":{"start":{"line":16,"column":26},"end":{"line":16,"column":27}},"10":{"start":{"line":17,"column":34},"end":{"line":17,"column":36}},"11":{"start":{"line":18,"column":35},"end":{"line":18,"column":36}},"12":{"start":{"line":23,"column":24},"end":{"line":23,"column":25}},"13":{"start":{"line":24,"column":29},"end":{"line":24,"column":37}},"14":{"start":{"line":25,"column":29},"end":{"line":25,"column":37}},"15":{"start":{"line":26,"column":32},"end":{"line":26,"column":34}},"16":{"start":{"line":27,"column":33},"end":{"line":27,"column":34}},"17":{"start":{"line":33,"column":33},"end":{"line":33,"column":35}},"18":{"start":{"line":34,"column":29},"end":{"line":34,"column":37}},"19":{"start":{"line":38,"column":28},"end":{"line":38,"column":30}},"20":{"start":{"line":39,"column":29},"end":{"line":39,"column":30}},"21":{"start":{"line":40,"column":25},"end":{"line":40,"column":33}},"22":{"start":{"line":48,"column":2},"end":{"line":48,"column":null}},"23":{"start":{"line":48,"column":43},"end":{"line":48,"column":null}},"24":{"start":{"line":50,"column":19},"end":{"line":50,"column":66}},"25":{"start":{"line":51,"column":2},"end":{"line":51,"column":null}},"26":{"start":{"line":52,"column":2},"end":{"line":52,"column":null}},"27":{"start":{"line":53,"column":2},"end":{"line":53,"column":null}},"28":{"start":{"line":54,"column":2},"end":{"line":54,"column":null}},"29":{"start":{"line":65,"column":2},"end":{"line":65,"column":null}},"30":{"start":{"line":65,"column":43},"end":{"line":65,"column":null}},"31":{"start":{"line":67,"column":19},"end":{"line":67,"column":66}},"32":{"start":{"line":68,"column":2},"end":{"line":68,"column":null}},"33":{"start":{"line":69,"column":17},"end":{"line":69,"column":42}},"34":{"start":{"line":70,"column":2},"end":{"line":70,"column":null}},"35":{"start":{"line":71,"column":2},"end":{"line":78,"column":null}},"36":{"start":{"line":79,"column":2},"end":{"line":79,"column":null}},"37":{"start":{"line":80,"column":2},"end":{"line":80,"column":null}},"38":{"start":{"line":81,"column":2},"end":{"line":81,"column":null}},"39":{"start":{"line":89,"column":2},"end":{"line":89,"column":null}},"40":{"start":{"line":89,"column":41},"end":{"line":89,"column":null}},"41":{"start":{"line":91,"column":15},"end":{"line":91,"column":34}},"42":{"start":{"line":92,"column":19},"end":{"line":92,"column":66}},"43":{"start":{"line":93,"column":2},"end":{"line":93,"column":null}},"44":{"start":{"line":94,"column":2},"end":{"line":94,"column":null}},"45":{"start":{"line":95,"column":2},"end":{"line":95,"column":null}},"46":{"start":{"line":96,"column":2},"end":{"line":96,"column":null}},"47":{"start":{"line":97,"column":2},"end":{"line":97,"column":null}},"48":{"start":{"line":98,"column":2},"end":{"line":98,"column":null}},"49":{"start":{"line":110,"column":2},"end":{"line":127,"column":null}},"50":{"start":{"line":111,"column":4},"end":{"line":119,"column":null}},"51":{"start":{"line":120,"column":4},"end":{"line":120,"column":null}},"52":{"start":{"line":123,"column":4},"end":{"line":126,"column":null}},"53":{"start":{"line":124,"column":6},"end":{"line":124,"column":null}},"54":{"start":{"line":125,"column":6},"end":{"line":125,"column":null}},"55":{"start":{"line":128,"column":2},"end":{"line":128,"column":null}},"56":{"start":{"line":139,"column":14},"end":{"line":139,"column":28}},"57":{"start":{"line":140,"column":23},"end":{"line":140,"column":60}},"58":{"start":{"line":142,"column":2},"end":{"line":142,"column":null}},"59":{"start":{"line":142,"column":61},"end":{"line":142,"column":null}},"60":{"start":{"line":143,"column":2},"end":{"line":143,"column":null}},"61":{"start":{"line":145,"column":18},"end":{"line":145,"column":39}},"62":{"start":{"line":146,"column":15},"end":{"line":146,"column":26}},"63":{"start":{"line":147,"column":23},"end":{"line":150,"column":3}},"64":{"start":{"line":151,"column":20},"end":{"line":152,"column":97}},"65":{"start":{"line":153,"column":19},"end":{"line":153,"column":81}},"66":{"start":{"line":155,"column":2},"end":{"line":177,"column":null}},"67":{"start":{"line":155,"column":19},"end":{"line":155,"column":20}},"68":{"start":{"line":161,"column":4},"end":{"line":174,"column":null}},"69":{"start":{"line":164,"column":4},"end":{"line":164,"column":null}},"70":{"start":{"line":165,"column":4},"end":{"line":165,"column":null}},"71":{"start":{"line":166,"column":4},"end":{"line":166,"column":null}},"72":{"start":{"line":167,"column":4},"end":{"line":167,"column":null}},"73":{"start":{"line":170,"column":6},"end":{"line":170,"column":null}},"74":{"start":{"line":171,"column":6},"end":{"line":171,"column":null}},"75":{"start":{"line":172,"column":4},"end":{"line":172,"column":null}},"76":{"start":{"line":173,"column":4},"end":{"line":173,"column":null}},"77":{"start":{"line":176,"column":4},"end":{"line":176,"column":null}},"78":{"start":{"line":186,"column":20},"end":{"line":186,"column":48}},"79":{"start":{"line":187,"column":15},"end":{"line":187,"column":26}},"80":{"start":{"line":188,"column":14},"end":{"line":188,"column":28}},"81":{"start":{"line":189,"column":23},"end":{"line":189,"column":66}},"82":{"start":{"line":191,"column":2},"end":{"line":191,"column":null}},"83":{"start":{"line":191,"column":51},"end":{"line":191,"column":null}},"84":{"start":{"line":192,"column":2},"end":{"line":192,"column":null}},"85":{"start":{"line":194,"column":18},"end":{"line":194,"column":39}},"86":{"start":{"line":196,"column":12},"end":{"line":196,"column":25}},"87":{"start":{"line":197,"column":12},"end":{"line":197,"column":25}},"88":{"start":{"line":200,"column":16},"end":{"line":200,"column":56}},"89":{"start":{"line":201,"column":2},"end":{"line":201,"column":null}},"90":{"start":{"line":202,"column":2},"end":{"line":209,"column":null}},"91":{"start":{"line":208,"column":22},"end":{"line":208,"column":37}},"92":{"start":{"line":213,"column":2},"end":{"line":223,"column":null}},"93":{"start":{"line":213,"column":19},"end":{"line":213,"column":20}},"94":{"start":{"line":214,"column":18},"end":{"line":214,"column":67}},"95":{"start":{"line":215,"column":18},"end":{"line":215,"column":46}},"96":{"start":{"line":216,"column":15},"end":{"line":216,"column":55}},"97":{"start":{"line":217,"column":15},"end":{"line":217,"column":38}},"98":{"start":{"line":219,"column":4},"end":{"line":222,"column":null}},"99":{"start":{"line":231,"column":15},"end":{"line":231,"column":25}},"100":{"start":{"line":232,"column":12},"end":{"line":232,"column":37}},"101":{"start":{"line":233,"column":12},"end":{"line":233,"column":37}},"102":{"start":{"line":234,"column":18},"end":{"line":234,"column":39}},"103":{"start":{"line":236,"column":16},"end":{"line":236,"column":59}},"104":{"start":{"line":237,"column":2},"end":{"line":237,"column":null}},"105":{"start":{"line":238,"column":2},"end":{"line":245,"column":null}},"106":{"start":{"line":244,"column":22},"end":{"line":244,"column":37}},"107":{"start":{"line":247,"column":2},"end":{"line":263,"column":null}},"108":{"start":{"line":247,"column":19},"end":{"line":247,"column":20}},"109":{"start":{"line":248,"column":18},"end":{"line":248,"column":67}},"110":{"start":{"line":249,"column":18},"end":{"line":249,"column":46}},"111":{"start":{"line":251,"column":4},"end":{"line":262,"column":null}},"112":{"start":{"line":270,"column":15},"end":{"line":270,"column":26}},"113":{"start":{"line":271,"column":20},"end":{"line":271,"column":41}},"114":{"start":{"line":272,"column":12},"end":{"line":272,"column":38}},"115":{"start":{"line":273,"column":12},"end":{"line":273,"column":38}},"116":{"start":{"line":274,"column":18},"end":{"line":274,"column":39}},"117":{"start":{"line":276,"column":16},"end":{"line":276,"column":79}},"118":{"start":{"line":277,"column":2},"end":{"line":277,"column":null}},"119":{"start":{"line":278,"column":2},"end":{"line":285,"column":null}},"120":{"start":{"line":284,"column":22},"end":{"line":284,"column":37}},"121":{"start":{"line":287,"column":2},"end":{"line":303,"column":null}},"122":{"start":{"line":287,"column":19},"end":{"line":287,"column":20}},"123":{"start":{"line":288,"column":18},"end":{"line":288,"column":68}},"124":{"start":{"line":289,"column":18},"end":{"line":289,"column":45}},"125":{"start":{"line":291,"column":4},"end":{"line":302,"column":null}},"126":{"start":{"line":312,"column":14},"end":{"line":312,"column":28}},"127":{"start":{"line":313,"column":23},"end":{"line":313,"column":59}},"128":{"start":{"line":314,"column":2},"end":{"line":314,"column":null}},"129":{"start":{"line":314,"column":54},"end":{"line":314,"column":null}},"130":{"start":{"line":315,"column":2},"end":{"line":315,"column":null}},"131":{"start":{"line":317,"column":18},"end":{"line":317,"column":39}},"132":{"start":{"line":318,"column":20},"end":{"line":318,"column":57}},"133":{"start":{"line":320,"column":2},"end":{"line":331,"column":null}},"134":{"start":{"line":320,"column":19},"end":{"line":320,"column":20}},"135":{"start":{"line":321,"column":14},"end":{"line":321,"column":60}},"136":{"start":{"line":322,"column":14},"end":{"line":322,"column":49}},"137":{"start":{"line":323,"column":15},"end":{"line":323,"column":55}},"138":{"start":{"line":324,"column":15},"end":{"line":324,"column":43}},"139":{"start":{"line":326,"column":4},"end":{"line":330,"column":null}},"140":{"start":{"line":339,"column":14},"end":{"line":339,"column":28}},"141":{"start":{"line":340,"column":23},"end":{"line":340,"column":63}},"142":{"start":{"line":341,"column":2},"end":{"line":341,"column":null}},"143":{"start":{"line":341,"column":52},"end":{"line":341,"column":null}},"144":{"start":{"line":342,"column":2},"end":{"line":342,"column":null}},"145":{"start":{"line":344,"column":18},"end":{"line":344,"column":39}},"146":{"start":{"line":346,"column":2},"end":{"line":355,"column":null}},"147":{"start":{"line":346,"column":19},"end":{"line":346,"column":20}},"148":{"start":{"line":347,"column":14},"end":{"line":347,"column":53}},"149":{"start":{"line":348,"column":14},"end":{"line":348,"column":53}},"150":{"start":{"line":350,"column":4},"end":{"line":354,"column":null}},"151":{"start":{"line":364,"column":14},"end":{"line":364,"column":28}},"152":{"start":{"line":365,"column":23},"end":{"line":365,"column":59}},"153":{"start":{"line":366,"column":2},"end":{"line":366,"column":null}},"154":{"start":{"line":366,"column":48},"end":{"line":366,"column":null}},"155":{"start":{"line":367,"column":2},"end":{"line":367,"column":null}},"156":{"start":{"line":369,"column":18},"end":{"line":369,"column":39}},"157":{"start":{"line":371,"column":2},"end":{"line":380,"column":null}},"158":{"start":{"line":371,"column":19},"end":{"line":371,"column":20}},"159":{"start":{"line":372,"column":14},"end":{"line":372,"column":49}},"160":{"start":{"line":373,"column":14},"end":{"line":373,"column":49}},"161":{"start":{"line":375,"column":4},"end":{"line":379,"column":null}},"162":{"start":{"line":389,"column":18},"end":{"line":389,"column":39}},"163":{"start":{"line":391,"column":16},"end":{"line":391,"column":62}},"164":{"start":{"line":392,"column":2},"end":{"line":392,"column":null}},"165":{"start":{"line":393,"column":2},"end":{"line":400,"column":null}},"166":{"start":{"line":399,"column":22},"end":{"line":399,"column":37}},"167":{"start":{"line":402,"column":2},"end":{"line":411,"column":null}},"168":{"start":{"line":402,"column":19},"end":{"line":402,"column":20}},"169":{"start":{"line":403,"column":18},"end":{"line":403,"column":67}},"170":{"start":{"line":404,"column":18},"end":{"line":404,"column":53}},"171":{"start":{"line":406,"column":4},"end":{"line":410,"column":null}},"172":{"start":{"line":415,"column":2},"end":{"line":415,"column":null}},"173":{"start":{"line":416,"column":19},"end":{"line":416,"column":58}},"174":{"start":{"line":417,"column":2},"end":{"line":426,"column":null}},"175":{"start":{"line":418,"column":4},"end":{"line":418,"column":null}},"176":{"start":{"line":419,"column":4},"end":{"line":419,"column":null}},"177":{"start":{"line":420,"column":4},"end":{"line":423,"column":null}},"178":{"start":{"line":421,"column":6},"end":{"line":421,"column":null}},"179":{"start":{"line":422,"column":6},"end":{"line":422,"column":null}},"180":{"start":{"line":424,"column":4},"end":{"line":424,"column":null}},"181":{"start":{"line":424,"column":40},"end":{"line":424,"column":null}},"182":{"start":{"line":425,"column":4},"end":{"line":425,"column":null}},"183":{"start":{"line":425,"column":36},"end":{"line":425,"column":null}}},"fnMap":{"0":{"name":"preloadDustTexture","decl":{"start":{"line":47,"column":16},"end":{"line":47,"column":34}},"loc":{"start":{"line":47,"column":42},"end":{"line":55,"column":null}},"line":47},"1":{"name":"preloadSwordWaveTexture","decl":{"start":{"line":64,"column":16},"end":{"line":64,"column":39}},"loc":{"start":{"line":64,"column":47},"end":{"line":82,"column":null}},"line":64},"2":{"name":"preloadFireballTexture","decl":{"start":{"line":88,"column":16},"end":{"line":88,"column":38}},"loc":{"start":{"line":88,"column":46},"end":{"line":99,"column":null}},"line":88},"3":{"name":"getDustEmitter","decl":{"start":{"line":109,"column":9},"end":{"line":109,"column":23}},"loc":{"start":{"line":109,"column":31},"end":{"line":129,"column":null}},"line":109},"4":{"name":"(anonymous_4)","decl":{"start":{"line":123,"column":34},"end":{"line":123,"column":35}},"loc":{"start":{"line":123,"column":40},"end":{"line":126,"column":5}},"line":123},"5":{"name":"emitDustTrail","decl":{"start":{"line":138,"column":16},"end":{"line":138,"column":29}},"loc":{"start":{"line":138,"column":131},"end":{"line":178,"column":null}},"line":138},"6":{"name":"emitBulletImpactDust","decl":{"start":{"line":185,"column":16},"end":{"line":185,"column":36}},"loc":{"start":{"line":185,"column":69},"end":{"line":224,"column":null}},"line":185},"7":{"name":"(anonymous_7)","decl":{"start":{"line":208,"column":16},"end":{"line":208,"column":17}},"loc":{"start":{"line":208,"column":22},"end":{"line":208,"column":37}},"line":208},"8":{"name":"emitEnemyHitBurst","decl":{"start":{"line":230,"column":16},"end":{"line":230,"column":33}},"loc":{"start":{"line":230,"column":48},"end":{"line":264,"column":null}},"line":230},"9":{"name":"(anonymous_9)","decl":{"start":{"line":244,"column":16},"end":{"line":244,"column":17}},"loc":{"start":{"line":244,"column":22},"end":{"line":244,"column":37}},"line":244},"10":{"name":"emitDryFireBurst","decl":{"start":{"line":269,"column":16},"end":{"line":269,"column":32}},"loc":{"start":{"line":269,"column":48},"end":{"line":304,"column":null}},"line":269},"11":{"name":"(anonymous_11)","decl":{"start":{"line":284,"column":16},"end":{"line":284,"column":17}},"loc":{"start":{"line":284,"column":22},"end":{"line":284,"column":37}},"line":284},"12":{"name":"emitSwordWaveTrail","decl":{"start":{"line":311,"column":16},"end":{"line":311,"column":34}},"loc":{"start":{"line":311,"column":48},"end":{"line":332,"column":null}},"line":311},"13":{"name":"emitFireballTrail","decl":{"start":{"line":338,"column":16},"end":{"line":338,"column":33}},"loc":{"start":{"line":338,"column":51},"end":{"line":356,"column":null}},"line":338},"14":{"name":"emitBombTrail","decl":{"start":{"line":363,"column":16},"end":{"line":363,"column":29}},"loc":{"start":{"line":363,"column":43},"end":{"line":381,"column":null}},"line":363},"15":{"name":"emitBombExplosion","decl":{"start":{"line":388,"column":16},"end":{"line":388,"column":33}},"loc":{"start":{"line":388,"column":60},"end":{"line":412,"column":null}},"line":388},"16":{"name":"(anonymous_16)","decl":{"start":{"line":399,"column":16},"end":{"line":399,"column":17}},"loc":{"start":{"line":399,"column":22},"end":{"line":399,"column":37}},"line":399},"17":{"name":"emitParticle","decl":{"start":{"line":414,"column":9},"end":{"line":414,"column":21}},"loc":{"start":{"line":414,"column":59},"end":{"line":427,"column":null}},"line":414}},"branchMap":{"0":{"loc":{"start":{"line":48,"column":2},"end":{"line":48,"column":null}},"type":"if","locations":[{"start":{"line":48,"column":2},"end":{"line":48,"column":null}},{"start":{},"end":{}}],"line":48},"1":{"loc":{"start":{"line":65,"column":2},"end":{"line":65,"column":null}},"type":"if","locations":[{"start":{"line":65,"column":2},"end":{"line":65,"column":null}},{"start":{},"end":{}}],"line":65},"2":{"loc":{"start":{"line":89,"column":2},"end":{"line":89,"column":null}},"type":"if","locations":[{"start":{"line":89,"column":2},"end":{"line":89,"column":null}},{"start":{},"end":{}}],"line":89},"3":{"loc":{"start":{"line":110,"column":2},"end":{"line":127,"column":null}},"type":"if","locations":[{"start":{"line":110,"column":2},"end":{"line":127,"column":null}},{"start":{},"end":{}}],"line":110},"4":{"loc":{"start":{"line":138,"column":45},"end":{"line":138,"column":71}},"type":"default-arg","locations":[{"start":{"line":138,"column":59},"end":{"line":138,"column":71}}],"line":138},"5":{"loc":{"start":{"line":138,"column":73},"end":{"line":138,"column":86}},"type":"default-arg","locations":[{"start":{"line":138,"column":81},"end":{"line":138,"column":86}}],"line":138},"6":{"loc":{"start":{"line":138,"column":88},"end":{"line":138,"column":103}},"type":"default-arg","locations":[{"start":{"line":138,"column":99},"end":{"line":138,"column":103}}],"line":138},"7":{"loc":{"start":{"line":138,"column":105},"end":{"line":138,"column":129}},"type":"default-arg","locations":[{"start":{"line":138,"column":125},"end":{"line":138,"column":129}}],"line":138},"8":{"loc":{"start":{"line":140,"column":23},"end":{"line":140,"column":60}},"type":"binary-expr","locations":[{"start":{"line":140,"column":23},"end":{"line":140,"column":47}},{"start":{"line":140,"column":51},"end":{"line":140,"column":60}}],"line":140},"9":{"loc":{"start":{"line":142,"column":2},"end":{"line":142,"column":null}},"type":"if","locations":[{"start":{"line":142,"column":2},"end":{"line":142,"column":null}},{"start":{},"end":{}}],"line":142},"10":{"loc":{"start":{"line":142,"column":6},"end":{"line":142,"column":59}},"type":"binary-expr","locations":[{"start":{"line":142,"column":6},"end":{"line":142,"column":12}},{"start":{"line":142,"column":16},"end":{"line":142,"column":59}}],"line":142},"11":{"loc":{"start":{"line":147,"column":23},"end":{"line":150,"column":3}},"type":"binary-expr","locations":[{"start":{"line":147,"column":23},"end":{"line":147,"column":31}},{"start":{"line":147,"column":35},"end":{"line":150,"column":3}}],"line":147},"12":{"loc":{"start":{"line":151,"column":20},"end":{"line":152,"column":97}},"type":"binary-expr","locations":[{"start":{"line":151,"column":20},"end":{"line":151,"column":null}},{"start":{"line":152,"column":8},"end":{"line":152,"column":96}}],"line":151},"13":{"loc":{"start":{"line":152,"column":8},"end":{"line":152,"column":96}},"type":"cond-expr","locations":[{"start":{"line":152,"column":37},"end":{"line":152,"column":39}},{"start":{"line":152,"column":42},"end":{"line":152,"column":96}}],"line":152},"14":{"loc":{"start":{"line":152,"column":42},"end":{"line":152,"column":96}},"type":"cond-expr","locations":[{"start":{"line":152,"column":71},"end":{"line":152,"column":72}},{"start":{"line":152,"column":75},"end":{"line":152,"column":96}}],"line":152},"15":{"loc":{"start":{"line":152,"column":75},"end":{"line":152,"column":96}},"type":"cond-expr","locations":[{"start":{"line":152,"column":90},"end":{"line":152,"column":92}},{"start":{"line":152,"column":95},"end":{"line":152,"column":96}}],"line":152},"16":{"loc":{"start":{"line":153,"column":19},"end":{"line":153,"column":81}},"type":"cond-expr","locations":[{"start":{"line":153,"column":75},"end":{"line":153,"column":77}},{"start":{"line":153,"column":80},"end":{"line":153,"column":81}}],"line":153},"17":{"loc":{"start":{"line":153,"column":19},"end":{"line":153,"column":72}},"type":"binary-expr","locations":[{"start":{"line":153,"column":19},"end":{"line":153,"column":43}},{"start":{"line":153,"column":47},"end":{"line":153,"column":72}}],"line":153},"18":{"loc":{"start":{"line":161,"column":4},"end":{"line":174,"column":null}},"type":"if","locations":[{"start":{"line":161,"column":4},"end":{"line":174,"column":null}},{"start":{"line":168,"column":11},"end":{"line":174,"column":null}}],"line":161},"19":{"loc":{"start":{"line":164,"column":8},"end":{"line":164,"column":56}},"type":"cond-expr","locations":[{"start":{"line":164,"column":26},"end":{"line":164,"column":39}},{"start":{"line":164,"column":42},"end":{"line":164,"column":56}}],"line":164},"20":{"loc":{"start":{"line":186,"column":20},"end":{"line":186,"column":48}},"type":"cond-expr","locations":[{"start":{"line":186,"column":42},"end":{"line":186,"column":44}},{"start":{"line":186,"column":47},"end":{"line":186,"column":48}}],"line":186},"21":{"loc":{"start":{"line":189,"column":23},"end":{"line":189,"column":66}},"type":"binary-expr","locations":[{"start":{"line":189,"column":23},"end":{"line":189,"column":53}},{"start":{"line":189,"column":57},"end":{"line":189,"column":66}}],"line":189},"22":{"loc":{"start":{"line":191,"column":2},"end":{"line":191,"column":null}},"type":"if","locations":[{"start":{"line":191,"column":2},"end":{"line":191,"column":null}},{"start":{},"end":{}}],"line":191},"23":{"loc":{"start":{"line":232,"column":12},"end":{"line":232,"column":37}},"type":"binary-expr","locations":[{"start":{"line":232,"column":12},"end":{"line":232,"column":26}},{"start":{"line":232,"column":30},"end":{"line":232,"column":37}}],"line":232},"24":{"loc":{"start":{"line":233,"column":12},"end":{"line":233,"column":37}},"type":"binary-expr","locations":[{"start":{"line":233,"column":12},"end":{"line":233,"column":26}},{"start":{"line":233,"column":30},"end":{"line":233,"column":37}}],"line":233},"25":{"loc":{"start":{"line":271,"column":20},"end":{"line":271,"column":41}},"type":"cond-expr","locations":[{"start":{"line":271,"column":35},"end":{"line":271,"column":37}},{"start":{"line":271,"column":40},"end":{"line":271,"column":41}}],"line":271},"26":{"loc":{"start":{"line":272,"column":12},"end":{"line":272,"column":38}},"type":"binary-expr","locations":[{"start":{"line":272,"column":12},"end":{"line":272,"column":26}},{"start":{"line":272,"column":30},"end":{"line":272,"column":38}}],"line":272},"27":{"loc":{"start":{"line":273,"column":12},"end":{"line":273,"column":38}},"type":"binary-expr","locations":[{"start":{"line":273,"column":12},"end":{"line":273,"column":26}},{"start":{"line":273,"column":30},"end":{"line":273,"column":38}}],"line":273},"28":{"loc":{"start":{"line":300,"column":14},"end":{"line":300,"column":51}},"type":"cond-expr","locations":[{"start":{"line":300,"column":32},"end":{"line":300,"column":40}},{"start":{"line":300,"column":43},"end":{"line":300,"column":51}}],"line":300},"29":{"loc":{"start":{"line":313,"column":23},"end":{"line":313,"column":59}},"type":"binary-expr","locations":[{"start":{"line":313,"column":23},"end":{"line":313,"column":46}},{"start":{"line":313,"column":50},"end":{"line":313,"column":59}}],"line":313},"30":{"loc":{"start":{"line":314,"column":2},"end":{"line":314,"column":null}},"type":"if","locations":[{"start":{"line":314,"column":2},"end":{"line":314,"column":null}},{"start":{},"end":{}}],"line":314},"31":{"loc":{"start":{"line":318,"column":30},"end":{"line":318,"column":56}},"type":"binary-expr","locations":[{"start":{"line":318,"column":30},"end":{"line":318,"column":51}},{"start":{"line":318,"column":55},"end":{"line":318,"column":56}}],"line":318},"32":{"loc":{"start":{"line":340,"column":23},"end":{"line":340,"column":63}},"type":"binary-expr","locations":[{"start":{"line":340,"column":23},"end":{"line":340,"column":50}},{"start":{"line":340,"column":54},"end":{"line":340,"column":63}}],"line":340},"33":{"loc":{"start":{"line":341,"column":2},"end":{"line":341,"column":null}},"type":"if","locations":[{"start":{"line":341,"column":2},"end":{"line":341,"column":null}},{"start":{},"end":{}}],"line":341},"34":{"loc":{"start":{"line":365,"column":23},"end":{"line":365,"column":59}},"type":"binary-expr","locations":[{"start":{"line":365,"column":23},"end":{"line":365,"column":46}},{"start":{"line":365,"column":50},"end":{"line":365,"column":59}}],"line":365},"35":{"loc":{"start":{"line":366,"column":2},"end":{"line":366,"column":null}},"type":"if","locations":[{"start":{"line":366,"column":2},"end":{"line":366,"column":null}},{"start":{},"end":{}}],"line":366},"36":{"loc":{"start":{"line":388,"column":47},"end":{"line":388,"column":58}},"type":"default-arg","locations":[{"start":{"line":388,"column":56},"end":{"line":388,"column":58}}],"line":388},"37":{"loc":{"start":{"line":414,"column":45},"end":{"line":414,"column":57}},"type":"default-arg","locations":[{"start":{"line":414,"column":55},"end":{"line":414,"column":57}}],"line":414},"38":{"loc":{"start":{"line":417,"column":2},"end":{"line":426,"column":null}},"type":"if","locations":[{"start":{"line":417,"column":2},"end":{"line":426,"column":null}},{"start":{},"end":{}}],"line":417},"39":{"loc":{"start":{"line":420,"column":4},"end":{"line":423,"column":null}},"type":"if","locations":[{"start":{"line":420,"column":4},"end":{"line":423,"column":null}},{"start":{},"end":{}}],"line":420},"40":{"loc":{"start":{"line":424,"column":4},"end":{"line":424,"column":null}},"type":"if","locations":[{"start":{"line":424,"column":4},"end":{"line":424,"column":null}},{"start":{},"end":{}}],"line":424},"41":{"loc":{"start":{"line":425,"column":4},"end":{"line":425,"column":null}},"type":"if","locations":[{"start":{"line":425,"column":4},"end":{"line":425,"column":null}},{"start":{},"end":{}}],"line":425}},"s":{"0":1,"1":1,"2":1,"3":1,"4":1,"5":1,"6":1,"7":1,"8":1,"9":1,"10":1,"11":1,"12":1,"13":1,"14":1,"15":1,"16":1,"17":1,"18":1,"19":1,"20":1,"21":1,"22":0,"23":0,"24":0,"25":0,"26":0,"27":0,"28":0,"29":0,"30":0,"31":0,"32":0,"33":0,"34":0,"35":0,"36":0,"37":0,"38":0,"39":0,"40":0,"41":0,"42":0,"43":0,"44":0,"45":0,"46":0,"47":0,"48":0,"49":0,"50":0,"51":0,"52":0,"53":0,"54":0,"55":0,"56":0,"57":0,"58":0,"59":0,"60":0,"61":0,"62":0,"63":0,"64":0,"65":0,"66":0,"67":0,"68":0,"69":0,"70":0,"71":0,"72":0,"73":0,"74":0,"75":0,"76":0,"77":0,"78":0,"79":0,"80":0,"81":0,"82":0,"83":0,"84":0,"85":0,"86":0,"87":0,"88":0,"89":0,"90":0,"91":0,"92":0,"93":0,"94":0,"95":0,"96":0,"97":0,"98":0,"99":0,"100":0,"101":0,"102":0,"103":0,"104":0,"105":0,"106":0,"107":0,"108":0,"109":0,"110":0,"111":0,"112":0,"113":0,"114":0,"115":0,"116":0,"117":0,"118":0,"119":0,"120":0,"121":0,"122":0,"123":0,"124":0,"125":0,"126":0,"127":0,"128":0,"129":0,"130":0,"131":0,"132":0,"133":0,"134":0,"135":0,"136":0,"137":0,"138":0,"139":0,"140":0,"141":0,"142":0,"143":0,"144":0,"145":0,"146":0,"147":0,"148":0,"149":0,"150":0,"151":0,"152":0,"153":0,"154":0,"155":0,"156":0,"157":0,"158":0,"159":0,"160":0,"161":0,"162":0,"163":0,"164":0,"165":0,"166":0,"167":0,"168":0,"169":0,"170":0,"171":0,"172":0,"173":0,"174":0,"175":0,"176":0,"177":0,"178":0,"179":0,"180":0,"181":0,"182":0,"183":0},"f":{"0":0,"1":0,"2":0,"3":0,"4":0,"5":0,"6":0,"7":0,"8":0,"9":0,"10":0,"11":0,"12":0,"13":0,"14":0,"15":0,"16":0,"17":0},"b":{"0":[0,0],"1":[0,0],"2":[0,0],"3":[0,0],"4":[0],"5":[0],"6":[0],"7":[0],"8":[0,0],"9":[0,0],"10":[0,0],"11":[0,0],"12":[0,0],"13":[0,0],"14":[0,0],"15":[0,0],"16":[0,0],"17":[0,0],"18":[0,0],"19":[0,0],"20":[0,0],"21":[0,0],"22":[0,0],"23":[0,0],"24":[0,0],"25":[0,0],"26":[0,0],"27":[0,0],"28":[0,0],"29":[0,0],"30":[0,0],"31":[0,0],"32":[0,0],"33":[0,0],"34":[0,0],"35":[0,0],"36":[0],"37":[0],"38":[0,0],"39":[0,0],"40":[0,0],"41":[0,0]},"meta":{"lastBranch":42,"lastFunction":18,"lastStatement":184,"seen":{"s:3:19:3:27":0,"s:4:36:4:37":1,"s:5:31:5:33":2,"s:6:32:6:33":3,"s:7:28:7:29":4,"s:8:27:8:28":5,"s:13:25:13:27":6,"s:14:26:14:28":7,"s:15:25:15:33":8,"s:16:26:16:27":9,"s:17:34:17:36":10,"s:18:35:18:36":11,"s:23:24:23:25":12,"s:24:29:24:37":13,"s:25:29:25:37":14,"s:26:32:26:34":15,"s:27:33:27:34":16,"s:33:33:33:35":17,"s:34:29:34:37":18,"s:38:28:38:30":19,"s:39:29:39:30":20,"s:40:25:40:33":21,"f:47:16:47:34":0,"b:48:2:48:Infinity:undefined:undefined:undefined:undefined":0,"s:48:2:48:Infinity":22,"s:48:43:48:Infinity":23,"s:50:19:50:66":24,"s:51:2:51:Infinity":25,"s:52:2:52:Infinity":26,"s:53:2:53:Infinity":27,"s:54:2:54:Infinity":28,"f:64:16:64:39":1,"b:65:2:65:Infinity:undefined:undefined:undefined:undefined":1,"s:65:2:65:Infinity":29,"s:65:43:65:Infinity":30,"s:67:19:67:66":31,"s:68:2:68:Infinity":32,"s:69:17:69:42":33,"s:70:2:70:Infinity":34,"s:71:2:78:Infinity":35,"s:79:2:79:Infinity":36,"s:80:2:80:Infinity":37,"s:81:2:81:Infinity":38,"f:88:16:88:38":2,"b:89:2:89:Infinity:undefined:undefined:undefined:undefined":2,"s:89:2:89:Infinity":39,"s:89:41:89:Infinity":40,"s:91:15:91:34":41,"s:92:19:92:66":42,"s:93:2:93:Infinity":43,"s:94:2:94:Infinity":44,"s:95:2:95:Infinity":45,"s:96:2:96:Infinity":46,"s:97:2:97:Infinity":47,"s:98:2:98:Infinity":48,"f:109:9:109:23":3,"b:110:2:127:Infinity:undefined:undefined:undefined:undefined":3,"s:110:2:127:Infinity":49,"s:111:4:119:Infinity":50,"s:120:4:120:Infinity":51,"s:123:4:126:Infinity":52,"f:123:34:123:35":4,"s:124:6:124:Infinity":53,"s:125:6:125:Infinity":54,"s:128:2:128:Infinity":55,"f:138:16:138:29":5,"b:138:59:138:71":4,"b:138:81:138:86":5,"b:138:99:138:103":6,"b:138:125:138:129":7,"s:139:14:139:28":56,"s:140:23:140:60":57,"b:140:23:140:47:140:51:140:60":8,"b:142:2:142:Infinity:undefined:undefined:undefined:undefined":9,"s:142:2:142:Infinity":58,"b:142:6:142:12:142:16:142:59":10,"s:142:61:142:Infinity":59,"s:143:2:143:Infinity":60,"s:145:18:145:39":61,"s:146:15:146:26":62,"s:147:23:150:3":63,"b:147:23:147:31:147:35:150:3":11,"s:151:20:152:97":64,"b:151:20:151:Infinity:152:8:152:96":12,"b:152:37:152:39:152:42:152:96":13,"b:152:71:152:72:152:75:152:96":14,"b:152:90:152:92:152:95:152:96":15,"s:153:19:153:81":65,"b:153:75:153:77:153:80:153:81":16,"b:153:19:153:43:153:47:153:72":17,"s:155:2:177:Infinity":66,"s:155:19:155:20":67,"b:161:4:174:Infinity:168:11:174:Infinity":18,"s:161:4:174:Infinity":68,"s:164:4:164:Infinity":69,"b:164:26:164:39:164:42:164:56":19,"s:165:4:165:Infinity":70,"s:166:4:166:Infinity":71,"s:167:4:167:Infinity":72,"s:170:6:170:Infinity":73,"s:171:6:171:Infinity":74,"s:172:4:172:Infinity":75,"s:173:4:173:Infinity":76,"s:176:4:176:Infinity":77,"f:185:16:185:36":6,"s:186:20:186:48":78,"b:186:42:186:44:186:47:186:48":20,"s:187:15:187:26":79,"s:188:14:188:28":80,"s:189:23:189:66":81,"b:189:23:189:53:189:57:189:66":21,"b:191:2:191:Infinity:undefined:undefined:undefined:undefined":22,"s:191:2:191:Infinity":82,"s:191:51:191:Infinity":83,"s:192:2:192:Infinity":84,"s:194:18:194:39":85,"s:196:12:196:25":86,"s:197:12:197:25":87,"s:200:16:200:56":88,"s:201:2:201:Infinity":89,"s:202:2:209:Infinity":90,"f:208:16:208:17":7,"s:208:22:208:37":91,"s:213:2:223:Infinity":92,"s:213:19:213:20":93,"s:214:18:214:67":94,"s:215:18:215:46":95,"s:216:15:216:55":96,"s:217:15:217:38":97,"s:219:4:222:Infinity":98,"f:230:16:230:33":8,"s:231:15:231:25":99,"s:232:12:232:37":100,"b:232:12:232:26:232:30:232:37":23,"s:233:12:233:37":101,"b:233:12:233:26:233:30:233:37":24,"s:234:18:234:39":102,"s:236:16:236:59":103,"s:237:2:237:Infinity":104,"s:238:2:245:Infinity":105,"f:244:16:244:17":9,"s:244:22:244:37":106,"s:247:2:263:Infinity":107,"s:247:19:247:20":108,"s:248:18:248:67":109,"s:249:18:249:46":110,"s:251:4:262:Infinity":111,"f:269:16:269:32":10,"s:270:15:270:26":112,"s:271:20:271:41":113,"b:271:35:271:37:271:40:271:41":25,"s:272:12:272:38":114,"b:272:12:272:26:272:30:272:38":26,"s:273:12:273:38":115,"b:273:12:273:26:273:30:273:38":27,"s:274:18:274:39":116,"s:276:16:276:79":117,"s:277:2:277:Infinity":118,"s:278:2:285:Infinity":119,"f:284:16:284:17":11,"s:284:22:284:37":120,"s:287:2:303:Infinity":121,"s:287:19:287:20":122,"s:288:18:288:68":123,"s:289:18:289:45":124,"s:291:4:302:Infinity":125,"b:300:32:300:40:300:43:300:51":28,"f:311:16:311:34":12,"s:312:14:312:28":126,"s:313:23:313:59":127,"b:313:23:313:46:313:50:313:59":29,"b:314:2:314:Infinity:undefined:undefined:undefined:undefined":30,"s:314:2:314:Infinity":128,"s:314:54:314:Infinity":129,"s:315:2:315:Infinity":130,"s:317:18:317:39":131,"s:318:20:318:57":132,"b:318:30:318:51:318:55:318:56":31,"s:320:2:331:Infinity":133,"s:320:19:320:20":134,"s:321:14:321:60":135,"s:322:14:322:49":136,"s:323:15:323:55":137,"s:324:15:324:43":138,"s:326:4:330:Infinity":139,"f:338:16:338:33":13,"s:339:14:339:28":140,"s:340:23:340:63":141,"b:340:23:340:50:340:54:340:63":32,"b:341:2:341:Infinity:undefined:undefined:undefined:undefined":33,"s:341:2:341:Infinity":142,"s:341:52:341:Infinity":143,"s:342:2:342:Infinity":144,"s:344:18:344:39":145,"s:346:2:355:Infinity":146,"s:346:19:346:20":147,"s:347:14:347:53":148,"s:348:14:348:53":149,"s:350:4:354:Infinity":150,"f:363:16:363:29":14,"s:364:14:364:28":151,"s:365:23:365:59":152,"b:365:23:365:46:365:50:365:59":34,"b:366:2:366:Infinity:undefined:undefined:undefined:undefined":35,"s:366:2:366:Infinity":153,"s:366:48:366:Infinity":154,"s:367:2:367:Infinity":155,"s:369:18:369:39":156,"s:371:2:380:Infinity":157,"s:371:19:371:20":158,"s:372:14:372:49":159,"s:373:14:373:49":160,"s:375:4:379:Infinity":161,"f:388:16:388:33":15,"b:388:56:388:58":36,"s:389:18:389:39":162,"s:391:16:391:62":163,"s:392:2:392:Infinity":164,"s:393:2:400:Infinity":165,"f:399:16:399:17":16,"s:399:22:399:37":166,"s:402:2:411:Infinity":167,"s:402:19:402:20":168,"s:403:18:403:67":169,"s:404:18:404:53":170,"s:406:4:410:Infinity":171,"f:414:9:414:21":17,"b:414:55:414:57":37,"s:415:2:415:Infinity":172,"s:416:19:416:58":173,"b:417:2:426:Infinity:undefined:undefined:undefined:undefined":38,"s:417:2:426:Infinity":174,"s:418:4:418:Infinity":175,"s:419:4:419:Infinity":176,"b:420:4:423:Infinity:undefined:undefined:undefined:undefined":39,"s:420:4:423:Infinity":177,"s:421:6:421:Infinity":178,"s:422:6:422:Infinity":179,"b:424:4:424:Infinity:undefined:undefined:undefined:undefined":40,"s:424:4:424:Infinity":180,"s:424:40:424:Infinity":181,"b:425:4:425:Infinity:undefined:undefined:undefined:undefined":41,"s:425:4:425:Infinity":182,"s:425:36:425:Infinity":183},"fnNames":{}}}
,"C:\\Projetos\\phaser\\HAGU\\src\\game\\commons\\floatingTextPool.js": {"path":"C:\\Projetos\\phaser\\HAGU\\src\\game\\commons\\floatingTextPool.js","statementMap":{"0":{"start":{"line":6,"column":18},"end":{"line":6,"column":19}},"1":{"start":{"line":8,"column":19},"end":{"line":14,"column":1}},"2":{"start":{"line":17,"column":2},"end":{"line":17,"column":null}},"3":{"start":{"line":17,"column":31},"end":{"line":17,"column":null}},"4":{"start":{"line":19,"column":15},"end":{"line":19,"column":17}},"5":{"start":{"line":20,"column":2},"end":{"line":27,"column":null}},"6":{"start":{"line":20,"column":15},"end":{"line":20,"column":16}},"7":{"start":{"line":21,"column":17},"end":{"line":25,"column":24}},"8":{"start":{"line":26,"column":4},"end":{"line":26,"column":null}},"9":{"start":{"line":29,"column":2},"end":{"line":29,"column":null}},"10":{"start":{"line":30,"column":2},"end":{"line":30,"column":null}},"11":{"start":{"line":32,"column":2},"end":{"line":35,"column":null}},"12":{"start":{"line":33,"column":4},"end":{"line":33,"column":null}},"13":{"start":{"line":33,"column":47},"end":{"line":33,"column":61}},"14":{"start":{"line":34,"column":4},"end":{"line":34,"column":null}},"15":{"start":{"line":37,"column":2},"end":{"line":37,"column":null}},"16":{"start":{"line":45,"column":15},"end":{"line":45,"column":32}},"17":{"start":{"line":46,"column":15},"end":{"line":46,"column":48}},"18":{"start":{"line":46,"column":35},"end":{"line":46,"column":47}},"19":{"start":{"line":47,"column":2},"end":{"line":47,"column":null}},"20":{"start":{"line":47,"column":12},"end":{"line":47,"column":null}},"21":{"start":{"line":49,"column":15},"end":{"line":49,"column":60}},"22":{"start":{"line":50,"column":2},"end":{"line":50,"column":null}},"23":{"start":{"line":51,"column":2},"end":{"line":51,"column":null}},"24":{"start":{"line":55,"column":15},"end":{"line":55,"column":29}},"25":{"start":{"line":57,"column":2},"end":{"line":57,"column":null}},"26":{"start":{"line":58,"column":2},"end":{"line":58,"column":null}},"27":{"start":{"line":59,"column":2},"end":{"line":59,"column":null}},"28":{"start":{"line":60,"column":2},"end":{"line":60,"column":null}},"29":{"start":{"line":62,"column":2},"end":{"line":69,"column":null}},"30":{"start":{"line":71,"column":2},"end":{"line":79,"column":null}},"31":{"start":{"line":78,"column":22},"end":{"line":78,"column":61}}},"fnMap":{"0":{"name":"ensurePool","decl":{"start":{"line":16,"column":9},"end":{"line":16,"column":19}},"loc":{"start":{"line":16,"column":27},"end":{"line":38,"column":null}},"line":16},"1":{"name":"(anonymous_1)","decl":{"start":{"line":32,"column":32},"end":{"line":32,"column":33}},"loc":{"start":{"line":32,"column":38},"end":{"line":35,"column":3}},"line":32},"2":{"name":"(anonymous_2)","decl":{"start":{"line":33,"column":37},"end":{"line":33,"column":38}},"loc":{"start":{"line":33,"column":47},"end":{"line":33,"column":61}},"line":33},"3":{"name":"acquire","decl":{"start":{"line":44,"column":9},"end":{"line":44,"column":16}},"loc":{"start":{"line":44,"column":24},"end":{"line":52,"column":null}},"line":44},"4":{"name":"(anonymous_4)","decl":{"start":{"line":46,"column":25},"end":{"line":46,"column":26}},"loc":{"start":{"line":46,"column":35},"end":{"line":46,"column":47}},"line":46},"5":{"name":"showFloatingDamage","decl":{"start":{"line":54,"column":16},"end":{"line":54,"column":34}},"loc":{"start":{"line":54,"column":56},"end":{"line":80,"column":null}},"line":54},"6":{"name":"(anonymous_6)","decl":{"start":{"line":78,"column":16},"end":{"line":78,"column":17}},"loc":{"start":{"line":78,"column":22},"end":{"line":78,"column":61}},"line":78}},"branchMap":{"0":{"loc":{"start":{"line":17,"column":2},"end":{"line":17,"column":null}},"type":"if","locations":[{"start":{"line":17,"column":2},"end":{"line":17,"column":null}},{"start":{},"end":{}}],"line":17},"1":{"loc":{"start":{"line":47,"column":2},"end":{"line":47,"column":null}},"type":"if","locations":[{"start":{"line":47,"column":2},"end":{"line":47,"column":null}},{"start":{},"end":{}}],"line":47}},"s":{"0":1,"1":1,"2":0,"3":0,"4":0,"5":0,"6":0,"7":0,"8":0,"9":0,"10":0,"11":0,"12":0,"13":0,"14":0,"15":0,"16":0,"17":0,"18":0,"19":0,"20":0,"21":0,"22":0,"23":0,"24":0,"25":0,"26":0,"27":0,"28":0,"29":0,"30":0,"31":0},"f":{"0":0,"1":0,"2":0,"3":0,"4":0,"5":0,"6":0},"b":{"0":[0,0],"1":[0,0]},"meta":{"lastBranch":2,"lastFunction":7,"lastStatement":32,"seen":{"s:6:18:6:19":0,"s:8:19:14:1":1,"f:16:9:16:19":0,"b:17:2:17:Infinity:undefined:undefined:undefined:undefined":0,"s:17:2:17:Infinity":2,"s:17:31:17:Infinity":3,"s:19:15:19:17":4,"s:20:2:27:Infinity":5,"s:20:15:20:16":6,"s:21:17:25:24":7,"s:26:4:26:Infinity":8,"s:29:2:29:Infinity":9,"s:30:2:30:Infinity":10,"s:32:2:35:Infinity":11,"f:32:32:32:33":1,"s:33:4:33:Infinity":12,"f:33:37:33:38":2,"s:33:47:33:61":13,"s:34:4:34:Infinity":14,"s:37:2:37:Infinity":15,"f:44:9:44:16":3,"s:45:15:45:32":16,"s:46:15:46:48":17,"f:46:25:46:26":4,"s:46:35:46:47":18,"b:47:2:47:Infinity:undefined:undefined:undefined:undefined":1,"s:47:2:47:Infinity":19,"s:47:12:47:Infinity":20,"s:49:15:49:60":21,"s:50:2:50:Infinity":22,"s:51:2:51:Infinity":23,"f:54:16:54:34":5,"s:55:15:55:29":24,"s:57:2:57:Infinity":25,"s:58:2:58:Infinity":26,"s:59:2:59:Infinity":27,"s:60:2:60:Infinity":28,"s:62:2:69:Infinity":29,"s:71:2:79:Infinity":30,"f:78:16:78:17":6,"s:78:22:78:61":31},"fnNames":{}}}
,"C:\\Projetos\\phaser\\HAGU\\src\\game\\commons\\tiledUtils.js": {"path":"C:\\Projetos\\phaser\\HAGU\\src\\game\\commons\\tiledUtils.js","statementMap":{"0":{"start":{"line":2,"column":2},"end":{"line":4,"column":null}},"1":{"start":{"line":3,"column":4},"end":{"line":3,"column":null}},"2":{"start":{"line":3,"column":41},"end":{"line":3,"column":63}},"3":{"start":{"line":6,"column":2},"end":{"line":6,"column":null}}},"fnMap":{"0":{"name":"getTiledProperty","decl":{"start":{"line":1,"column":16},"end":{"line":1,"column":32}},"loc":{"start":{"line":1,"column":51},"end":{"line":7,"column":null}},"line":1},"1":{"name":"(anonymous_1)","decl":{"start":{"line":3,"column":27},"end":{"line":3,"column":28}},"loc":{"start":{"line":3,"column":41},"end":{"line":3,"column":63}},"line":3}},"branchMap":{"0":{"loc":{"start":{"line":2,"column":2},"end":{"line":4,"column":null}},"type":"if","locations":[{"start":{"line":2,"column":2},"end":{"line":4,"column":null}},{"start":{},"end":{}}],"line":2},"1":{"loc":{"start":{"line":6,"column":9},"end":{"line":6,"column":56}},"type":"binary-expr","locations":[{"start":{"line":6,"column":9},"end":{"line":6,"column":34}},{"start":{"line":6,"column":38},"end":{"line":6,"column":56}}],"line":6}},"s":{"0":33,"1":32,"2":35,"3":1},"f":{"0":33,"1":35},"b":{"0":[32,1],"1":[1,1]},"meta":{"lastBranch":2,"lastFunction":2,"lastStatement":4,"seen":{"f:1:16:1:32":0,"b:2:2:4:Infinity:undefined:undefined:undefined:undefined":0,"s:2:2:4:Infinity":0,"s:3:4:3:Infinity":1,"f:3:27:3:28":1,"s:3:41:3:63":2,"s:6:2:6:Infinity":3,"b:6:9:6:34:6:38:6:56":1},"fnNames":{}}}
,"C:\\Projetos\\phaser\\HAGU\\src\\game\\config\\entities.js": {"path":"C:\\Projetos\\phaser\\HAGU\\src\\game\\config\\entities.js","statementMap":{"0":{"start":{"line":5,"column":34},"end":{"line":5,"column":36}},"1":{"start":{"line":6,"column":35},"end":{"line":6,"column":37}},"2":{"start":{"line":10,"column":34},"end":{"line":29,"column":1}},"3":{"start":{"line":38,"column":28},"end":{"line":53,"column":1}},"4":{"start":{"line":55,"column":30},"end":{"line":61,"column":1}},"5":{"start":{"line":69,"column":17},"end":{"line":69,"column":42}},"6":{"start":{"line":70,"column":2},"end":{"line":70,"column":null}},"7":{"start":{"line":70,"column":15},"end":{"line":70,"column":null}},"8":{"start":{"line":72,"column":15},"end":{"line":72,"column":64}},"9":{"start":{"line":73,"column":20},"end":{"line":73,"column":38}},"10":{"start":{"line":74,"column":2},"end":{"line":74,"column":null}},"11":{"start":{"line":74,"column":18},"end":{"line":74,"column":null}},"12":{"start":{"line":76,"column":32},"end":{"line":76,"column":77}},"13":{"start":{"line":77,"column":2},"end":{"line":84,"column":null}},"14":{"start":{"line":90,"column":17},"end":{"line":90,"column":42}},"15":{"start":{"line":91,"column":2},"end":{"line":91,"column":null}},"16":{"start":{"line":91,"column":15},"end":{"line":91,"column":null}},"17":{"start":{"line":93,"column":15},"end":{"line":93,"column":64}},"18":{"start":{"line":94,"column":2},"end":{"line":94,"column":null}},"19":{"start":{"line":94,"column":49},"end":{"line":94,"column":97}},"20":{"start":{"line":141,"column":31},"end":{"line":206,"column":1}},"21":{"start":{"line":231,"column":27},"end":{"line":291,"column":1}},"22":{"start":{"line":294,"column":32},"end":{"line":294,"column":45}},"23":{"start":{"line":295,"column":31},"end":{"line":295,"column":38}},"24":{"start":{"line":298,"column":17},"end":{"line":298,"column":28}},"25":{"start":{"line":299,"column":2},"end":{"line":303,"column":null}},"26":{"start":{"line":300,"column":4},"end":{"line":302,"column":null}},"27":{"start":{"line":304,"column":2},"end":{"line":304,"column":null}},"28":{"start":{"line":318,"column":17},"end":{"line":318,"column":75}},"29":{"start":{"line":318,"column":48},"end":{"line":318,"column":74}},"30":{"start":{"line":319,"column":14},"end":{"line":319,"column":69}},"31":{"start":{"line":319,"column":45},"end":{"line":319,"column":68}},"32":{"start":{"line":320,"column":2},"end":{"line":320,"column":null}},"33":{"start":{"line":320,"column":22},"end":{"line":320,"column":null}},"34":{"start":{"line":321,"column":2},"end":{"line":321,"column":null}},"35":{"start":{"line":321,"column":22},"end":{"line":321,"column":null}},"36":{"start":{"line":322,"column":2},"end":{"line":322,"column":null}},"37":{"start":{"line":333,"column":2},"end":{"line":335,"column":null}},"38":{"start":{"line":334,"column":4},"end":{"line":334,"column":null}},"39":{"start":{"line":336,"column":2},"end":{"line":336,"column":null}},"40":{"start":{"line":345,"column":21},"end":{"line":345,"column":38}},"41":{"start":{"line":346,"column":2},"end":{"line":348,"column":null}},"42":{"start":{"line":347,"column":4},"end":{"line":347,"column":null}},"43":{"start":{"line":349,"column":25},"end":{"line":349,"column":82}},"44":{"start":{"line":351,"column":28},"end":{"line":351,"column":90}},"45":{"start":{"line":352,"column":2},"end":{"line":354,"column":null}},"46":{"start":{"line":353,"column":4},"end":{"line":353,"column":null}},"47":{"start":{"line":355,"column":21},"end":{"line":355,"column":74}},"48":{"start":{"line":361,"column":21},"end":{"line":361,"column":71}},"49":{"start":{"line":362,"column":22},"end":{"line":362,"column":74}},"50":{"start":{"line":367,"column":16},"end":{"line":367,"column":44}},"51":{"start":{"line":369,"column":2},"end":{"line":369,"column":null}},"52":{"start":{"line":373,"column":2},"end":{"line":373,"column":null}},"53":{"start":{"line":384,"column":2},"end":{"line":384,"column":null}},"54":{"start":{"line":393,"column":17},"end":{"line":393,"column":47}},"55":{"start":{"line":394,"column":20},"end":{"line":394,"column":80}},"56":{"start":{"line":394,"column":54},"end":{"line":394,"column":79}},"57":{"start":{"line":395,"column":2},"end":{"line":395,"column":null}},"58":{"start":{"line":395,"column":18},"end":{"line":395,"column":null}},"59":{"start":{"line":397,"column":2},"end":{"line":406,"column":null}},"60":{"start":{"line":398,"column":4},"end":{"line":405,"column":null}},"61":{"start":{"line":402,"column":18},"end":{"line":402,"column":null}},"62":{"start":{"line":410,"column":2},"end":{"line":417,"column":null}}},"fnMap":{"0":{"name":"getPlayerAnimationAsset","decl":{"start":{"line":68,"column":16},"end":{"line":68,"column":39}},"loc":{"start":{"line":68,"column":65},"end":{"line":85,"column":null}},"line":68},"1":{"name":"getPlayerAnimationAssets","decl":{"start":{"line":89,"column":16},"end":{"line":89,"column":40}},"loc":{"start":{"line":89,"column":52},"end":{"line":95,"column":null}},"line":89},"2":{"name":"(anonymous_2)","decl":{"start":{"line":94,"column":31},"end":{"line":94,"column":32}},"loc":{"start":{"line":94,"column":49},"end":{"line":94,"column":97}},"line":94},"3":{"name":"mergeMobConfig","decl":{"start":{"line":297,"column":9},"end":{"line":297,"column":23}},"loc":{"start":{"line":297,"column":41},"end":{"line":305,"column":null}},"line":297},"4":{"name":"(anonymous_4)","decl":{"start":{"line":299,"column":42},"end":{"line":299,"column":43}},"loc":{"start":{"line":299,"column":60},"end":{"line":303,"column":3}},"line":299},"5":{"name":"withMeleeRangedFallback","decl":{"start":{"line":317,"column":9},"end":{"line":317,"column":32}},"loc":{"start":{"line":317,"column":45},"end":{"line":323,"column":null}},"line":317},"6":{"name":"(anonymous_6)","decl":{"start":{"line":318,"column":33},"end":{"line":318,"column":34}},"loc":{"start":{"line":318,"column":48},"end":{"line":318,"column":74}},"line":318},"7":{"name":"(anonymous_7)","decl":{"start":{"line":319,"column":30},"end":{"line":319,"column":31}},"loc":{"start":{"line":319,"column":45},"end":{"line":319,"column":68}},"line":319},"8":{"name":"cloneAsFallback","decl":{"start":{"line":332,"column":9},"end":{"line":332,"column":24}},"loc":{"start":{"line":332,"column":38},"end":{"line":337,"column":null}},"line":332},"9":{"name":"getMobConfig","decl":{"start":{"line":344,"column":16},"end":{"line":344,"column":28}},"loc":{"start":{"line":344,"column":83},"end":{"line":370,"column":null}},"line":344},"10":{"name":"getEntityAnimationKey","decl":{"start":{"line":372,"column":16},"end":{"line":372,"column":37}},"loc":{"start":{"line":372,"column":63},"end":{"line":374,"column":null}},"line":372},"11":{"name":"isSpriteSheetAnimation","decl":{"start":{"line":383,"column":16},"end":{"line":383,"column":38}},"loc":{"start":{"line":383,"column":50},"end":{"line":385,"column":null}},"line":383},"12":{"name":"resolveMobFrameAsset","decl":{"start":{"line":392,"column":16},"end":{"line":392,"column":36}},"loc":{"start":{"line":392,"column":69},"end":{"line":418,"column":null}},"line":392},"13":{"name":"(anonymous_13)","decl":{"start":{"line":394,"column":44},"end":{"line":394,"column":45}},"loc":{"start":{"line":394,"column":54},"end":{"line":394,"column":79}},"line":394},"14":{"name":"(anonymous_14)","decl":{"start":{"line":402,"column":8},"end":{"line":402,"column":9}},"loc":{"start":{"line":402,"column":18},"end":{"line":402,"column":null}},"line":402}},"branchMap":{"0":{"loc":{"start":{"line":70,"column":2},"end":{"line":70,"column":null}},"type":"if","locations":[{"start":{"line":70,"column":2},"end":{"line":70,"column":null}},{"start":{},"end":{}}],"line":70},"1":{"loc":{"start":{"line":72,"column":15},"end":{"line":72,"column":64}},"type":"binary-expr","locations":[{"start":{"line":72,"column":15},"end":{"line":72,"column":40}},{"start":{"line":72,"column":44},"end":{"line":72,"column":64}}],"line":72},"2":{"loc":{"start":{"line":74,"column":2},"end":{"line":74,"column":null}},"type":"if","locations":[{"start":{"line":74,"column":2},"end":{"line":74,"column":null}},{"start":{},"end":{}}],"line":74},"3":{"loc":{"start":{"line":76,"column":32},"end":{"line":76,"column":77}},"type":"binary-expr","locations":[{"start":{"line":76,"column":32},"end":{"line":76,"column":71}},{"start":{"line":76,"column":75},"end":{"line":76,"column":77}}],"line":76},"4":{"loc":{"start":{"line":91,"column":2},"end":{"line":91,"column":null}},"type":"if","locations":[{"start":{"line":91,"column":2},"end":{"line":91,"column":null}},{"start":{},"end":{}}],"line":91},"5":{"loc":{"start":{"line":93,"column":15},"end":{"line":93,"column":64}},"type":"binary-expr","locations":[{"start":{"line":93,"column":15},"end":{"line":93,"column":40}},{"start":{"line":93,"column":44},"end":{"line":93,"column":64}}],"line":93},"6":{"loc":{"start":{"line":299,"column":17},"end":{"line":299,"column":32}},"type":"binary-expr","locations":[{"start":{"line":299,"column":17},"end":{"line":299,"column":26}},{"start":{"line":299,"column":30},"end":{"line":299,"column":32}}],"line":299},"7":{"loc":{"start":{"line":300,"column":18},"end":{"line":302,"column":13}},"type":"cond-expr","locations":[{"start":{"line":301,"column":8},"end":{"line":301,"column":null}},{"start":{"line":302,"column":8},"end":{"line":302,"column":13}}],"line":300},"8":{"loc":{"start":{"line":300,"column":18},"end":{"line":300,"column":null}},"type":"binary-expr","locations":[{"start":{"line":300,"column":18},"end":{"line":300,"column":23}},{"start":{"line":300,"column":27},"end":{"line":300,"column":52}},{"start":{"line":300,"column":56},"end":{"line":300,"column":null}}],"line":300},"9":{"loc":{"start":{"line":301,"column":23},"end":{"line":301,"column":40}},"type":"binary-expr","locations":[{"start":{"line":301,"column":23},"end":{"line":301,"column":34}},{"start":{"line":301,"column":38},"end":{"line":301,"column":40}}],"line":301},"10":{"loc":{"start":{"line":320,"column":2},"end":{"line":320,"column":null}},"type":"if","locations":[{"start":{"line":320,"column":2},"end":{"line":320,"column":null}},{"start":{},"end":{}}],"line":320},"11":{"loc":{"start":{"line":320,"column":6},"end":{"line":320,"column":20}},"type":"binary-expr","locations":[{"start":{"line":320,"column":6},"end":{"line":320,"column":9}},{"start":{"line":320,"column":13},"end":{"line":320,"column":20}}],"line":320},"12":{"loc":{"start":{"line":321,"column":2},"end":{"line":321,"column":null}},"type":"if","locations":[{"start":{"line":321,"column":2},"end":{"line":321,"column":null}},{"start":{},"end":{}}],"line":321},"13":{"loc":{"start":{"line":321,"column":6},"end":{"line":321,"column":20}},"type":"binary-expr","locations":[{"start":{"line":321,"column":6},"end":{"line":321,"column":12}},{"start":{"line":321,"column":16},"end":{"line":321,"column":20}}],"line":321},"14":{"loc":{"start":{"line":333,"column":2},"end":{"line":335,"column":null}},"type":"if","locations":[{"start":{"line":333,"column":2},"end":{"line":335,"column":null}},{"start":{},"end":{}}],"line":333},"15":{"loc":{"start":{"line":336,"column":23},"end":{"line":336,"column":49}},"type":"binary-expr","locations":[{"start":{"line":336,"column":23},"end":{"line":336,"column":35}},{"start":{"line":336,"column":39},"end":{"line":336,"column":49}}],"line":336},"16":{"loc":{"start":{"line":344,"column":29},"end":{"line":344,"column":52}},"type":"default-arg","locations":[{"start":{"line":344,"column":36},"end":{"line":344,"column":52}}],"line":344},"17":{"loc":{"start":{"line":344,"column":54},"end":{"line":344,"column":81}},"type":"default-arg","locations":[{"start":{"line":344,"column":66},"end":{"line":344,"column":81}}],"line":344},"18":{"loc":{"start":{"line":346,"column":2},"end":{"line":348,"column":null}},"type":"if","locations":[{"start":{"line":346,"column":2},"end":{"line":348,"column":null}},{"start":{},"end":{}}],"line":346},"19":{"loc":{"start":{"line":349,"column":65},"end":{"line":349,"column":81}},"type":"binary-expr","locations":[{"start":{"line":349,"column":65},"end":{"line":349,"column":75}},{"start":{"line":349,"column":79},"end":{"line":349,"column":81}}],"line":349},"20":{"loc":{"start":{"line":351,"column":28},"end":{"line":351,"column":90}},"type":"binary-expr","locations":[{"start":{"line":351,"column":28},"end":{"line":351,"column":54}},{"start":{"line":351,"column":58},"end":{"line":351,"column":90}}],"line":351},"21":{"loc":{"start":{"line":352,"column":2},"end":{"line":354,"column":null}},"type":"if","locations":[{"start":{"line":352,"column":2},"end":{"line":354,"column":null}},{"start":{},"end":{}}],"line":352},"22":{"loc":{"start":{"line":361,"column":21},"end":{"line":361,"column":71}},"type":"binary-expr","locations":[{"start":{"line":361,"column":21},"end":{"line":361,"column":49}},{"start":{"line":361,"column":53},"end":{"line":361,"column":71}}],"line":361},"23":{"loc":{"start":{"line":362,"column":22},"end":{"line":362,"column":74}},"type":"binary-expr","locations":[{"start":{"line":362,"column":22},"end":{"line":362,"column":51}},{"start":{"line":362,"column":55},"end":{"line":362,"column":74}}],"line":362},"24":{"loc":{"start":{"line":367,"column":16},"end":{"line":367,"column":44}},"type":"binary-expr","locations":[{"start":{"line":367,"column":16},"end":{"line":367,"column":39}},{"start":{"line":367,"column":43},"end":{"line":367,"column":44}}],"line":367},"25":{"loc":{"start":{"line":395,"column":2},"end":{"line":395,"column":null}},"type":"if","locations":[{"start":{"line":395,"column":2},"end":{"line":395,"column":null}},{"start":{},"end":{}}],"line":395},"26":{"loc":{"start":{"line":397,"column":2},"end":{"line":406,"column":null}},"type":"if","locations":[{"start":{"line":397,"column":2},"end":{"line":406,"column":null}},{"start":{},"end":{}}],"line":397},"27":{"loc":{"start":{"line":412,"column":9},"end":{"line":412,"column":106}},"type":"cond-expr","locations":[{"start":{"line":412,"column":28},"end":{"line":412,"column":58}},{"start":{"line":412,"column":61},"end":{"line":412,"column":106}}],"line":412},"28":{"loc":{"start":{"line":415,"column":16},"end":{"line":415,"column":73}},"type":"cond-expr","locations":[{"start":{"line":415,"column":35},"end":{"line":415,"column":53}},{"start":{"line":415,"column":56},"end":{"line":415,"column":73}}],"line":415},"29":{"loc":{"start":{"line":416,"column":17},"end":{"line":416,"column":76}},"type":"cond-expr","locations":[{"start":{"line":416,"column":36},"end":{"line":416,"column":55}},{"start":{"line":416,"column":58},"end":{"line":416,"column":76}}],"line":416}},"s":{"0":2,"1":2,"2":2,"3":2,"4":2,"5":0,"6":0,"7":0,"8":0,"9":0,"10":0,"11":0,"12":0,"13":0,"14":0,"15":0,"16":0,"17":0,"18":0,"19":0,"20":2,"21":2,"22":2,"23":2,"24":0,"25":0,"26":0,"27":0,"28":0,"29":0,"30":0,"31":0,"32":0,"33":0,"34":0,"35":0,"36":0,"37":0,"38":0,"39":0,"40":0,"41":0,"42":0,"43":0,"44":0,"45":0,"46":0,"47":0,"48":0,"49":0,"50":0,"51":0,"52":13,"53":0,"54":0,"55":0,"56":0,"57":0,"58":0,"59":0,"60":0,"61":0,"62":0},"f":{"0":0,"1":0,"2":0,"3":0,"4":0,"5":0,"6":0,"7":0,"8":0,"9":0,"10":13,"11":0,"12":0,"13":0,"14":0},"b":{"0":[0,0],"1":[0,0],"2":[0,0],"3":[0,0],"4":[0,0],"5":[0,0],"6":[0,0],"7":[0,0],"8":[0,0,0],"9":[0,0],"10":[0,0],"11":[0,0],"12":[0,0],"13":[0,0],"14":[0,0],"15":[0,0],"16":[0],"17":[0],"18":[0,0],"19":[0,0],"20":[0,0],"21":[0,0],"22":[0,0],"23":[0,0],"24":[0,0],"25":[0,0],"26":[0,0],"27":[0,0],"28":[0,0],"29":[0,0]},"meta":{"lastBranch":30,"lastFunction":15,"lastStatement":63,"seen":{"s:5:34:5:36":0,"s:6:35:6:37":1,"s:10:34:29:1":2,"s:38:28:53:1":3,"s:55:30:61:1":4,"f:68:16:68:39":0,"s:69:17:69:42":5,"b:70:2:70:Infinity:undefined:undefined:undefined:undefined":0,"s:70:2:70:Infinity":6,"s:70:15:70:Infinity":7,"s:72:15:72:64":8,"b:72:15:72:40:72:44:72:64":1,"s:73:20:73:38":9,"b:74:2:74:Infinity:undefined:undefined:undefined:undefined":2,"s:74:2:74:Infinity":10,"s:74:18:74:Infinity":11,"s:76:32:76:77":12,"b:76:32:76:71:76:75:76:77":3,"s:77:2:84:Infinity":13,"f:89:16:89:40":1,"s:90:17:90:42":14,"b:91:2:91:Infinity:undefined:undefined:undefined:undefined":4,"s:91:2:91:Infinity":15,"s:91:15:91:Infinity":16,"s:93:15:93:64":17,"b:93:15:93:40:93:44:93:64":5,"s:94:2:94:Infinity":18,"f:94:31:94:32":2,"s:94:49:94:97":19,"s:141:31:206:1":20,"s:231:27:291:1":21,"s:294:32:294:45":22,"s:295:31:295:38":23,"f:297:9:297:23":3,"s:298:17:298:28":24,"s:299:2:303:Infinity":25,"b:299:17:299:26:299:30:299:32":6,"f:299:42:299:43":4,"s:300:4:302:Infinity":26,"b:301:8:301:Infinity:302:8:302:13":7,"b:300:18:300:23:300:27:300:52:300:56:300:Infinity":8,"b:301:23:301:34:301:38:301:40":9,"s:304:2:304:Infinity":27,"f:317:9:317:32":5,"s:318:17:318:75":28,"f:318:33:318:34":6,"s:318:48:318:74":29,"s:319:14:319:69":30,"f:319:30:319:31":7,"s:319:45:319:68":31,"b:320:2:320:Infinity:undefined:undefined:undefined:undefined":10,"s:320:2:320:Infinity":32,"b:320:6:320:9:320:13:320:20":11,"s:320:22:320:Infinity":33,"b:321:2:321:Infinity:undefined:undefined:undefined:undefined":12,"s:321:2:321:Infinity":34,"b:321:6:321:12:321:16:321:20":13,"s:321:22:321:Infinity":35,"s:322:2:322:Infinity":36,"f:332:9:332:24":8,"b:333:2:335:Infinity:undefined:undefined:undefined:undefined":14,"s:333:2:335:Infinity":37,"s:334:4:334:Infinity":38,"s:336:2:336:Infinity":39,"b:336:23:336:35:336:39:336:49":15,"f:344:16:344:28":9,"b:344:36:344:52":16,"b:344:66:344:81":17,"s:345:21:345:38":40,"b:346:2:348:Infinity:undefined:undefined:undefined:undefined":18,"s:346:2:348:Infinity":41,"s:347:4:347:Infinity":42,"s:349:25:349:82":43,"b:349:65:349:75:349:79:349:81":19,"s:351:28:351:90":44,"b:351:28:351:54:351:58:351:90":20,"b:352:2:354:Infinity:undefined:undefined:undefined:undefined":21,"s:352:2:354:Infinity":45,"s:353:4:353:Infinity":46,"s:355:21:355:74":47,"s:361:21:361:71":48,"b:361:21:361:49:361:53:361:71":22,"s:362:22:362:74":49,"b:362:22:362:51:362:55:362:74":23,"s:367:16:367:44":50,"b:367:16:367:39:367:43:367:44":24,"s:369:2:369:Infinity":51,"f:372:16:372:37":10,"s:373:2:373:Infinity":52,"f:383:16:383:38":11,"s:384:2:384:Infinity":53,"f:392:16:392:36":12,"s:393:17:393:47":54,"s:394:20:394:80":55,"f:394:44:394:45":13,"s:394:54:394:79":56,"b:395:2:395:Infinity:undefined:undefined:undefined:undefined":25,"s:395:2:395:Infinity":57,"s:395:18:395:Infinity":58,"b:397:2:406:Infinity:undefined:undefined:undefined:undefined":26,"s:397:2:406:Infinity":59,"s:398:4:405:Infinity":60,"f:402:8:402:9":14,"s:402:18:402:Infinity":61,"s:410:2:417:Infinity":62,"b:412:28:412:58:412:61:412:106":27,"b:415:35:415:53:415:56:415:73":28,"b:416:36:416:55:416:58:416:76":29},"fnNames":{}}}
,"C:\\Projetos\\phaser\\HAGU\\src\\game\\config\\maps.js": {"path":"C:\\Projetos\\phaser\\HAGU\\src\\game\\config\\maps.js","statementMap":{"0":{"start":{"line":29,"column":42},"end":{"line":29,"column":47}},"1":{"start":{"line":31,"column":25},"end":{"line":35,"column":1}},"2":{"start":{"line":37,"column":20},"end":{"line":93,"column":1}},"3":{"start":{"line":102,"column":24},"end":{"line":108,"column":1}},"4":{"start":{"line":110,"column":31},"end":{"line":110,"column":38}},"5":{"start":{"line":113,"column":2},"end":{"line":116,"column":null}},"6":{"start":{"line":113,"column":17},"end":{"line":113,"column":18}},"7":{"start":{"line":114,"column":16},"end":{"line":114,"column":45}},"8":{"start":{"line":115,"column":4},"end":{"line":115,"column":null}},"9":{"start":{"line":115,"column":20},"end":{"line":115,"column":null}},"10":{"start":{"line":117,"column":2},"end":{"line":117,"column":null}},"11":{"start":{"line":124,"column":19},"end":{"line":124,"column":42}},"12":{"start":{"line":125,"column":20},"end":{"line":125,"column":69}},"13":{"start":{"line":126,"column":2},"end":{"line":126,"column":null}},"14":{"start":{"line":126,"column":17},"end":{"line":126,"column":null}},"15":{"start":{"line":128,"column":23},"end":{"line":128,"column":31}},"16":{"start":{"line":129,"column":2},"end":{"line":129,"column":null}},"17":{"start":{"line":130,"column":2},"end":{"line":130,"column":null}},"18":{"start":{"line":131,"column":2},"end":{"line":131,"column":null}},"19":{"start":{"line":132,"column":2},"end":{"line":132,"column":null}},"20":{"start":{"line":133,"column":2},"end":{"line":133,"column":null}},"21":{"start":{"line":141,"column":2},"end":{"line":141,"column":null}}},"fnMap":{"0":{"name":"findMapPosition","decl":{"start":{"line":112,"column":9},"end":{"line":112,"column":24}},"loc":{"start":{"line":112,"column":33},"end":{"line":118,"column":null}},"line":112},"1":{"name":"getMapNeighbors","decl":{"start":{"line":123,"column":16},"end":{"line":123,"column":31}},"loc":{"start":{"line":123,"column":40},"end":{"line":134,"column":null}},"line":123},"2":{"name":"getGateKeyToUnlock","decl":{"start":{"line":140,"column":16},"end":{"line":140,"column":34}},"loc":{"start":{"line":140,"column":51},"end":{"line":142,"column":null}},"line":140}},"branchMap":{"0":{"loc":{"start":{"line":115,"column":4},"end":{"line":115,"column":null}},"type":"if","locations":[{"start":{"line":115,"column":4},"end":{"line":115,"column":null}},{"start":{},"end":{}}],"line":115},"1":{"loc":{"start":{"line":126,"column":2},"end":{"line":126,"column":null}},"type":"if","locations":[{"start":{"line":126,"column":2},"end":{"line":126,"column":null}},{"start":{},"end":{}}],"line":126},"2":{"loc":{"start":{"line":129,"column":17},"end":{"line":129,"column":49}},"type":"binary-expr","locations":[{"start":{"line":129,"column":17},"end":{"line":129,"column":41}},{"start":{"line":129,"column":45},"end":{"line":129,"column":49}}],"line":129},"3":{"loc":{"start":{"line":130,"column":19},"end":{"line":130,"column":51}},"type":"binary-expr","locations":[{"start":{"line":130,"column":19},"end":{"line":130,"column":43}},{"start":{"line":130,"column":47},"end":{"line":130,"column":51}}],"line":130},"4":{"loc":{"start":{"line":131,"column":19},"end":{"line":131,"column":51}},"type":"binary-expr","locations":[{"start":{"line":131,"column":19},"end":{"line":131,"column":43}},{"start":{"line":131,"column":47},"end":{"line":131,"column":51}}],"line":131},"5":{"loc":{"start":{"line":132,"column":20},"end":{"line":132,"column":52}},"type":"binary-expr","locations":[{"start":{"line":132,"column":20},"end":{"line":132,"column":44}},{"start":{"line":132,"column":48},"end":{"line":132,"column":52}}],"line":132}},"s":{"0":3,"1":3,"2":3,"3":3,"4":3,"5":0,"6":0,"7":0,"8":0,"9":0,"10":0,"11":0,"12":0,"13":0,"14":0,"15":0,"16":0,"17":0,"18":0,"19":0,"20":0,"21":0},"f":{"0":0,"1":0,"2":0},"b":{"0":[0,0],"1":[0,0],"2":[0,0],"3":[0,0],"4":[0,0],"5":[0,0]},"meta":{"lastBranch":6,"lastFunction":3,"lastStatement":22,"seen":{"s:29:42:29:47":0,"s:31:25:35:1":1,"s:37:20:93:1":2,"s:102:24:108:1":3,"s:110:31:110:38":4,"f:112:9:112:24":0,"s:113:2:116:Infinity":5,"s:113:17:113:18":6,"s:114:16:114:45":7,"b:115:4:115:Infinity:undefined:undefined:undefined:undefined":0,"s:115:4:115:Infinity":8,"s:115:20:115:Infinity":9,"s:117:2:117:Infinity":10,"f:123:16:123:31":1,"s:124:19:124:42":11,"s:125:20:125:69":12,"b:126:2:126:Infinity:undefined:undefined:undefined:undefined":1,"s:126:2:126:Infinity":13,"s:126:17:126:Infinity":14,"s:128:23:128:31":15,"s:129:2:129:Infinity":16,"b:129:17:129:41:129:45:129:49":2,"s:130:2:130:Infinity":17,"b:130:19:130:43:130:47:130:51":3,"s:131:2:131:Infinity":18,"b:131:19:131:43:131:47:131:51":4,"s:132:2:132:Infinity":19,"b:132:20:132:44:132:48:132:52":5,"s:133:2:133:Infinity":20,"f:140:16:140:34":2,"s:141:2:141:Infinity":21},"fnNames":{}}}
,"C:\\Projetos\\phaser\\HAGU\\src\\game\\config\\status.js": {"path":"C:\\Projetos\\phaser\\HAGU\\src\\game\\config\\status.js","statementMap":{"0":{"start":{"line":19,"column":2},"end":{"line":19,"column":73}},"1":{"start":{"line":23,"column":2},"end":{"line":76,"column":4}},"2":{"start":{"line":80,"column":2},"end":{"line":86,"column":4}}},"fnMap":{"0":{"name":"upgradeValue","decl":{"start":{"line":18,"column":9},"end":{"line":18,"column":21}},"loc":{"start":{"line":18,"column":26},"end":{"line":20,"column":1}},"line":18},"1":{"name":"createPlayerStatus","decl":{"start":{"line":22,"column":16},"end":{"line":22,"column":34}},"loc":{"start":{"line":22,"column":51},"end":{"line":77,"column":1}},"line":22},"2":{"name":"createEnemyStatus","decl":{"start":{"line":79,"column":16},"end":{"line":79,"column":33}},"loc":{"start":{"line":79,"column":50},"end":{"line":87,"column":1}},"line":79}},"branchMap":{"0":{"loc":{"start":{"line":19,"column":45},"end":{"line":19,"column":71}},"type":"binary-expr","locations":[{"start":{"line":19,"column":45},"end":{"line":19,"column":66}},{"start":{"line":19,"column":70},"end":{"line":19,"column":71}}],"line":19},"1":{"loc":{"start":{"line":22,"column":35},"end":{"line":22,"column":49}},"type":"default-arg","locations":[{"start":{"line":22,"column":47},"end":{"line":22,"column":49}}],"line":22},"2":{"loc":{"start":{"line":79,"column":34},"end":{"line":79,"column":48}},"type":"default-arg","locations":[{"start":{"line":79,"column":46},"end":{"line":79,"column":48}}],"line":79}},"s":{"0":45,"1":5,"2":4},"f":{"0":45,"1":5,"2":4},"b":{"0":[45,44],"1":[5],"2":[4]},"meta":{"lastBranch":3,"lastFunction":3,"lastStatement":3,"seen":{"f:18:9:18:21":0,"s:19:2:19:73":0,"b:19:45:19:66:19:70:19:71":0,"f:22:16:22:34":1,"b:22:47:22:49":1,"s:23:2:76:4":1,"f:79:16:79:33":2,"b:79:46:79:48":2,"s:80:2:86:4":2},"fnNames":{}}}
,"C:\\Projetos\\phaser\\HAGU\\src\\game\\config\\upgrades.js": {"path":"C:\\Projetos\\phaser\\HAGU\\src\\game\\config\\upgrades.js","statementMap":{"0":{"start":{"line":37,"column":32},"end":{"line":292,"column":1}},"1":{"start":{"line":297,"column":35},"end":{"line":297,"column":94}},"2":{"start":{"line":303,"column":37},"end":{"line":303,"column":85}},"3":{"start":{"line":304,"column":42},"end":{"line":304,"column":57}},"4":{"start":{"line":307,"column":2},"end":{"line":307,"column":null}},"5":{"start":{"line":307,"column":40},"end":{"line":307,"column":53}},"6":{"start":{"line":311,"column":2},"end":{"line":311,"column":null}},"7":{"start":{"line":311,"column":12},"end":{"line":311,"column":null}},"8":{"start":{"line":312,"column":2},"end":{"line":312,"column":null}},"9":{"start":{"line":312,"column":19},"end":{"line":312,"column":null}},"10":{"start":{"line":313,"column":14},"end":{"line":313,"column":45}},"11":{"start":{"line":314,"column":2},"end":{"line":314,"column":null}},"12":{"start":{"line":318,"column":2},"end":{"line":318,"column":null}},"13":{"start":{"line":318,"column":12},"end":{"line":318,"column":null}},"14":{"start":{"line":319,"column":2},"end":{"line":319,"column":null}},"15":{"start":{"line":323,"column":2},"end":{"line":323,"column":null}},"16":{"start":{"line":323,"column":12},"end":{"line":323,"column":null}},"17":{"start":{"line":324,"column":2},"end":{"line":324,"column":null}},"18":{"start":{"line":330,"column":2},"end":{"line":330,"column":null}}},"fnMap":{"0":{"name":"findUpgradeDef","decl":{"start":{"line":306,"column":16},"end":{"line":306,"column":30}},"loc":{"start":{"line":306,"column":35},"end":{"line":308,"column":null}},"line":306},"1":{"name":"(anonymous_1)","decl":{"start":{"line":307,"column":31},"end":{"line":307,"column":32}},"loc":{"start":{"line":307,"column":40},"end":{"line":307,"column":53}},"line":307},"2":{"name":"getUpgradeValue","decl":{"start":{"line":310,"column":16},"end":{"line":310,"column":31}},"loc":{"start":{"line":310,"column":44},"end":{"line":315,"column":null}},"line":310},"3":{"name":"getUpgradeCost","decl":{"start":{"line":317,"column":16},"end":{"line":317,"column":30}},"loc":{"start":{"line":317,"column":43},"end":{"line":320,"column":null}},"line":317},"4":{"name":"isUpgradeMaxed","decl":{"start":{"line":322,"column":16},"end":{"line":322,"column":30}},"loc":{"start":{"line":322,"column":43},"end":{"line":325,"column":null}},"line":322},"5":{"name":"getUpgradeCurrency","decl":{"start":{"line":329,"column":16},"end":{"line":329,"column":34}},"loc":{"start":{"line":329,"column":40},"end":{"line":331,"column":null}},"line":329}},"branchMap":{"0":{"loc":{"start":{"line":307,"column":9},"end":{"line":307,"column":62}},"type":"binary-expr","locations":[{"start":{"line":307,"column":9},"end":{"line":307,"column":54}},{"start":{"line":307,"column":58},"end":{"line":307,"column":62}}],"line":307},"1":{"loc":{"start":{"line":311,"column":2},"end":{"line":311,"column":null}},"type":"if","locations":[{"start":{"line":311,"column":2},"end":{"line":311,"column":null}},{"start":{},"end":{}}],"line":311},"2":{"loc":{"start":{"line":312,"column":2},"end":{"line":312,"column":null}},"type":"if","locations":[{"start":{"line":312,"column":2},"end":{"line":312,"column":null}},{"start":{},"end":{}}],"line":312},"3":{"loc":{"start":{"line":314,"column":9},"end":{"line":314,"column":61}},"type":"cond-expr","locations":[{"start":{"line":314,"column":33},"end":{"line":314,"column":55}},{"start":{"line":314,"column":58},"end":{"line":314,"column":61}}],"line":314},"4":{"loc":{"start":{"line":318,"column":2},"end":{"line":318,"column":null}},"type":"if","locations":[{"start":{"line":318,"column":2},"end":{"line":318,"column":null}},{"start":{},"end":{}}],"line":318},"5":{"loc":{"start":{"line":323,"column":2},"end":{"line":323,"column":null}},"type":"if","locations":[{"start":{"line":323,"column":2},"end":{"line":323,"column":null}},{"start":{},"end":{}}],"line":323},"6":{"loc":{"start":{"line":330,"column":9},"end":{"line":330,"column":58}},"type":"cond-expr","locations":[{"start":{"line":330,"column":39},"end":{"line":330,"column":48}},{"start":{"line":330,"column":51},"end":{"line":330,"column":58}}],"line":330}},"s":{"0":4,"1":4,"2":4,"3":4,"4":76,"5":780,"6":67,"7":1,"8":66,"9":4,"10":62,"11":62,"12":9,"13":1,"14":8,"15":18,"16":1,"17":17,"18":9},"f":{"0":76,"1":780,"2":67,"3":9,"4":18,"5":9},"b":{"0":[76,2],"1":[1,66],"2":[4,62],"3":[6,56],"4":[1,8],"5":[1,17],"6":[3,6]},"meta":{"lastBranch":7,"lastFunction":6,"lastStatement":19,"seen":{"s:37:32:292:1":0,"s:297:35:297:94":1,"s:303:37:303:85":2,"s:304:42:304:57":3,"f:306:16:306:30":0,"s:307:2:307:Infinity":4,"b:307:9:307:54:307:58:307:62":0,"f:307:31:307:32":1,"s:307:40:307:53":5,"f:310:16:310:31":2,"b:311:2:311:Infinity:undefined:undefined:undefined:undefined":1,"s:311:2:311:Infinity":6,"s:311:12:311:Infinity":7,"b:312:2:312:Infinity:undefined:undefined:undefined:undefined":2,"s:312:2:312:Infinity":8,"s:312:19:312:Infinity":9,"s:313:14:313:45":10,"s:314:2:314:Infinity":11,"b:314:33:314:55:314:58:314:61":3,"f:317:16:317:30":3,"b:318:2:318:Infinity:undefined:undefined:undefined:undefined":4,"s:318:2:318:Infinity":12,"s:318:12:318:Infinity":13,"s:319:2:319:Infinity":14,"f:322:16:322:30":4,"b:323:2:323:Infinity:undefined:undefined:undefined:undefined":5,"s:323:2:323:Infinity":15,"s:323:12:323:Infinity":16,"s:324:2:324:Infinity":17,"f:329:16:329:34":5,"s:330:2:330:Infinity":18,"b:330:39:330:48:330:51:330:58":6},"fnNames":{}}}
,"C:\\Projetos\\phaser\\HAGU\\src\\game\\entities\\EnemyBase.js": {"path":"C:\\Projetos\\phaser\\HAGU\\src\\game\\entities\\EnemyBase.js","statementMap":{"0":{"start":{"line":31,"column":34},"end":{"line":31,"column":37}},"1":{"start":{"line":32,"column":37},"end":{"line":32,"column":39}},"2":{"start":{"line":33,"column":34},"end":{"line":33,"column":37}},"3":{"start":{"line":34,"column":40},"end":{"line":34,"column":43}},"4":{"start":{"line":35,"column":18},"end":{"line":35,"column":26}},"5":{"start":{"line":44,"column":15},"end":{"line":44,"column":50}},"6":{"start":{"line":45,"column":2},"end":{"line":45,"column":null}},"7":{"start":{"line":45,"column":61},"end":{"line":45,"column":null}},"8":{"start":{"line":46,"column":2},"end":{"line":46,"column":null}},"9":{"start":{"line":50,"column":15},"end":{"line":50,"column":50}},"10":{"start":{"line":51,"column":17},"end":{"line":51,"column":30}},"11":{"start":{"line":52,"column":2},"end":{"line":52,"column":null}},"12":{"start":{"line":56,"column":15},"end":{"line":56,"column":50}},"13":{"start":{"line":57,"column":2},"end":{"line":57,"column":null}},"14":{"start":{"line":64,"column":24},"end":{"line":64,"column":74}},"15":{"start":{"line":65,"column":27},"end":{"line":65,"column":54}},"16":{"start":{"line":66,"column":29},"end":{"line":66,"column":74}},"17":{"start":{"line":67,"column":30},"end":{"line":67,"column":76}},"18":{"start":{"line":68,"column":31},"end":{"line":68,"column":64}},"19":{"start":{"line":70,"column":20},"end":{"line":70,"column":107}},"20":{"start":{"line":72,"column":2},"end":{"line":78,"column":null}},"21":{"start":{"line":89,"column":16},"end":{"line":89,"column":48}},"22":{"start":{"line":90,"column":20},"end":{"line":90,"column":61}},"23":{"start":{"line":95,"column":23},"end":{"line":95,"column":91}},"24":{"start":{"line":95,"column":61},"end":{"line":95,"column":84}},"25":{"start":{"line":96,"column":15},"end":{"line":98,"column":78}},"26":{"start":{"line":99,"column":2},"end":{"line":99,"column":null}},"27":{"start":{"line":105,"column":2},"end":{"line":105,"column":null}},"28":{"start":{"line":106,"column":2},"end":{"line":106,"column":null}},"29":{"start":{"line":107,"column":2},"end":{"line":107,"column":null}},"30":{"start":{"line":108,"column":2},"end":{"line":108,"column":null}},"31":{"start":{"line":109,"column":2},"end":{"line":109,"column":null}},"32":{"start":{"line":110,"column":2},"end":{"line":110,"column":null}},"33":{"start":{"line":114,"column":2},"end":{"line":114,"column":null}},"34":{"start":{"line":115,"column":2},"end":{"line":115,"column":null}},"35":{"start":{"line":116,"column":2},"end":{"line":116,"column":null}},"36":{"start":{"line":117,"column":2},"end":{"line":117,"column":null}},"37":{"start":{"line":118,"column":2},"end":{"line":118,"column":null}},"38":{"start":{"line":121,"column":2},"end":{"line":121,"column":null}},"39":{"start":{"line":123,"column":2},"end":{"line":123,"column":null}},"40":{"start":{"line":124,"column":2},"end":{"line":124,"column":null}},"41":{"start":{"line":125,"column":2},"end":{"line":125,"column":null}},"42":{"start":{"line":126,"column":2},"end":{"line":126,"column":null}},"43":{"start":{"line":127,"column":2},"end":{"line":127,"column":null}},"44":{"start":{"line":127,"column":24},"end":{"line":127,"column":null}},"45":{"start":{"line":131,"column":2},"end":{"line":131,"column":null}},"46":{"start":{"line":131,"column":26},"end":{"line":131,"column":null}},"47":{"start":{"line":133,"column":51},"end":{"line":133,"column":73}},"48":{"start":{"line":134,"column":2},"end":{"line":134,"column":null}},"49":{"start":{"line":135,"column":2},"end":{"line":135,"column":null}},"50":{"start":{"line":139,"column":2},"end":{"line":139,"column":null}},"51":{"start":{"line":140,"column":2},"end":{"line":140,"column":null}},"52":{"start":{"line":142,"column":2},"end":{"line":142,"column":null}},"53":{"start":{"line":146,"column":2},"end":{"line":146,"column":null}},"54":{"start":{"line":147,"column":2},"end":{"line":147,"column":null}},"55":{"start":{"line":148,"column":2},"end":{"line":148,"column":null}},"56":{"start":{"line":149,"column":2},"end":{"line":149,"column":null}},"57":{"start":{"line":156,"column":2},"end":{"line":156,"column":null}},"58":{"start":{"line":160,"column":2},"end":{"line":160,"column":null}},"59":{"start":{"line":171,"column":2},"end":{"line":171,"column":null}},"60":{"start":{"line":171,"column":47},"end":{"line":171,"column":null}},"61":{"start":{"line":172,"column":2},"end":{"line":172,"column":null}},"62":{"start":{"line":172,"column":29},"end":{"line":172,"column":null}},"63":{"start":{"line":174,"column":2},"end":{"line":174,"column":null}},"64":{"start":{"line":175,"column":2},"end":{"line":175,"column":null}},"65":{"start":{"line":176,"column":2},"end":{"line":176,"column":null}},"66":{"start":{"line":176,"column":24},"end":{"line":176,"column":null}},"67":{"start":{"line":178,"column":2},"end":{"line":194,"column":null}},"68":{"start":{"line":182,"column":6},"end":{"line":186,"column":null}},"69":{"start":{"line":183,"column":8},"end":{"line":183,"column":null}},"70":{"start":{"line":184,"column":8},"end":{"line":184,"column":null}},"71":{"start":{"line":185,"column":8},"end":{"line":185,"column":null}},"72":{"start":{"line":187,"column":6},"end":{"line":187,"column":null}},"73":{"start":{"line":188,"column":6},"end":{"line":188,"column":null}},"74":{"start":{"line":189,"column":6},"end":{"line":192,"column":null}},"75":{"start":{"line":190,"column":8},"end":{"line":190,"column":null}},"76":{"start":{"line":191,"column":8},"end":{"line":191,"column":null}},"77":{"start":{"line":198,"column":2},"end":{"line":198,"column":null}},"78":{"start":{"line":198,"column":31},"end":{"line":198,"column":null}},"79":{"start":{"line":199,"column":2},"end":{"line":199,"column":27}},"80":{"start":{"line":199,"column":20},"end":{"line":199,"column":27}},"81":{"start":{"line":203,"column":2},"end":{"line":203,"column":null}},"82":{"start":{"line":203,"column":42},"end":{"line":203,"column":null}},"83":{"start":{"line":207,"column":2},"end":{"line":207,"column":null}},"84":{"start":{"line":207,"column":47},"end":{"line":207,"column":null}},"85":{"star
[...]
mn":6},"end":{"line":323,"column":69}},"type":"binary-expr","locations":[{"start":{"line":323,"column":6},"end":{"line":323,"column":41}},{"start":{"line":323,"column":45},"end":{"line":323,"column":69}}],"line":323},"25":{"loc":{"start":{"line":330,"column":33},"end":{"line":330,"column":43}},"type":"default-arg","locations":[{"start":{"line":330,"column":42},"end":{"line":330,"column":43}}],"line":330},"26":{"loc":{"start":{"line":334,"column":29},"end":{"line":334,"column":39}},"type":"default-arg","locations":[{"start":{"line":334,"column":38},"end":{"line":334,"column":39}}],"line":334},"27":{"loc":{"start":{"line":340,"column":25},"end":{"line":340,"column":74}},"type":"binary-expr","locations":[{"start":{"line":340,"column":25},"end":{"line":340,"column":50}},{"start":{"line":340,"column":54},"end":{"line":340,"column":74}}],"line":340},"28":{"loc":{"start":{"line":340,"column":32},"end":{"line":340,"column":42}},"type":"binary-expr","locations":[{"start":{"line":340,"column":32},"end":{"line":340,"column":36}},{"start":{"line":340,"column":40},"end":{"line":340,"column":42}}],"line":340},"29":{"loc":{"start":{"line":345,"column":29},"end":{"line":345,"column":48}},"type":"default-arg","locations":[{"start":{"line":345,"column":35},"end":{"line":345,"column":48}}],"line":345},"30":{"loc":{"start":{"line":352,"column":2},"end":{"line":352,"column":null}},"type":"if","locations":[{"start":{"line":352,"column":2},"end":{"line":352,"column":null}},{"start":{},"end":{}}],"line":352},"31":{"loc":{"start":{"line":364,"column":2},"end":{"line":364,"column":null}},"type":"if","locations":[{"start":{"line":364,"column":2},"end":{"line":364,"column":null}},{"start":{},"end":{}}],"line":364},"32":{"loc":{"start":{"line":375,"column":2},"end":{"line":375,"column":null}},"type":"if","locations":[{"start":{"line":375,"column":2},"end":{"line":375,"column":null}},{"start":{},"end":{}}],"line":375},"33":{"loc":{"start":{"line":404,"column":9},"end":{"line":404,"column":42}},"type":"binary-expr","locations":[{"start":{"line":404,"column":9},"end":{"line":404,"column":34}},{"start":{"line":404,"column":38},"end":{"line":404,"column":42}}],"line":404},"34":{"loc":{"start":{"line":412,"column":19},"end":{"line":412,"column":116}},"type":"binary-expr","locations":[{"start":{"line":412,"column":19},"end":{"line":412,"column":44}},{"start":{"line":412,"column":48},"end":{"line":412,"column":116}}],"line":412},"35":{"loc":{"start":{"line":412,"column":61},"end":{"line":412,"column":71}},"type":"binary-expr","locations":[{"start":{"line":412,"column":61},"end":{"line":412,"column":65}},{"start":{"line":412,"column":69},"end":{"line":412,"column":71}}],"line":412},"36":{"loc":{"start":{"line":413,"column":2},"end":{"line":413,"column":null}},"type":"if","locations":[{"start":{"line":413,"column":2},"end":{"line":413,"column":null}},{"start":{},"end":{}}],"line":413},"37":{"loc":{"start":{"line":414,"column":2},"end":{"line":414,"column":null}},"type":"if","locations":[{"start":{"line":414,"column":2},"end":{"line":414,"column":null}},{"start":{},"end":{}}],"line":414},"38":{"loc":{"start":{"line":425,"column":34},"end":{"line":425,"column":78}},"type":"default-arg","locations":[{"start":{"line":425,"column":76},"end":{"line":425,"column":78}}],"line":425},"39":{"loc":{"start":{"line":425,"column":41},"end":{"line":425,"column":50}},"type":"default-arg","locations":[{"start":{"line":425,"column":48},"end":{"line":425,"column":50}}],"line":425},"40":{"loc":{"start":{"line":425,"column":62},"end":{"line":425,"column":71}},"type":"default-arg","locations":[{"start":{"line":425,"column":70},"end":{"line":425,"column":71}}],"line":425},"41":{"loc":{"start":{"line":426,"column":2},"end":{"line":426,"column":null}},"type":"if","locations":[{"start":{"line":426,"column":2},"end":{"line":426,"column":null}},{"start":{},"end":{}}],"line":426},"42":{"loc":{"start":{"line":438,"column":34},"end":{"line":438,"column":67}},"type":"default-arg","locations":[{"start":{"line":438,"column":65},"end":{"line":438,"column":67}}],"line":438},"43":{"loc":{"start":{"line":438,"column":41},"end":{"line":438,"column":50}},"type":"default-arg","locations":[{"start":{"line":438,"column":48},"end":{"line":438,"column":50}}],"line":438},"44":{"loc":{"start":{"line":439,"column":2},"end":{"line":439,"column":null}},"type":"if","locations":[{"start":{"line":439,"column":2},"end":{"line":439,"column":null}},{"start":{},"end":{}}],"line":439}},"s":{"0":3,"1":3,"2":3,"3":3,"4":3,"5":3,"6":3,"7":3,"8":36,"9":756,"10":3,"11":0,"12":0,"13":0,"14":0,"15":0,"16":0,"17":0,"18":0,"19":0,"20":0,"21":0,"22":0,"23":0,"24":0,"25":0,"26":2,"27":1,"28":1,"29":1,"30":2,"31":6,"32":3,"33":1,"34":2,"35":2,"36":1,"37":0,"38":1,"39":1,"40":1,"41":0,"42":1,"43":1,"44":23,"45":2,"46":2,"47":0,"48":2,"49":2,"50":2,"51":10,"52":10,"53":1,"54":9,"55":9,"56":5,"57":4,"58":4,"59":4,"60":1,"61":3,"62":3,"63":3,"64":3,"65":3,"66":1,"67":1,"68":3,"69":0,"70":0,"71":3,"72":0,"73":0,"74":3,"75":0,"76":9,"77":6,"78":2,"79":4,"80":6,"81":6,"82":0,"83":2,"84":3,"85":1,"86":2,"87":2,"88":2,"89":0,"90":1,"91":1,"92":0,"93":1,"94":1,"95":1,"96":2,"97":1,"98":1,"99":1,"100":3,"101":2,"102":1,"103":1,"104":1,"105":2,"106":0,"107":2,"108":2,"109":2,"110":3,"111":3,"112":3,"113":3,"114":0,"115":1,"116":2,"117":4,"118":4,"119":2,"120":4,"121":2,"122":4,"123":3,"124":0,"125":3,"126":3,"127":3,"128":3,"129":1,"130":0,"131":1,"132":1,"133":1,"134":1,"135":33,"136":33,"137":33,"138":33,"139":33,"140":33,"141":33,"142":33,"143":33,"144":33,"145":33,"146":33,"147":33,"148":33,"149":33},"f":{"0":36,"1":756,"2":0,"3":2,"4":2,"5":6,"6":3,"7":1,"8":1,"9":23,"10":2,"11":10,"12":0,"13":9,"14":6,"15":0,"16":2,"17":3,"18":0,"19":1,"20":0,"21":1,"22":2,"23":2,"24":2,"25":0,"26":1,"27":2,"28":4,"29":3,"30":1,"31":33},"b":{"0":[36,720],"1":[1,1],"2":[2,2],"3":[6,1],"4":[1,2],"5":[3,3],"6":[1],"7":[0,1],"8":[1],"9":[0,1],"10":[23,10],"11":[0,2],"12":[0,2],"13":[0,2],"14":[1,9],"15":[5,4],"16":[1,3],"17":[1,2],"18":[0,3],"19":[0,3],"20":[2,4],"21":[6,5],"22":[1,3],"23":[1,2],"24":[3,3],"25":[0],"26":[1],"27":[0,0],"28":[0,0],"29":[1],"30":[1,1],"31":[1,1],"32":[0,2],"33":[1,0],"34":[4,2],"35":[2,1],"36":[2,2],"37":[2,2],"38":[3],"39":[3],"40":[3],"41":[0,3],"42":[1],"43":[1],"44":[0,1]},"meta":{"lastBranch":45,"lastFunction":32,"lastStatement":150,"seen":{"s:27:25:56:1":0,"s:61:30:61:55":1,"s:66:30:66:47":2,"s:71:24:71:67":3,"s:72:28:72:77":4,"s:75:26:75:74":5,"s:79:24:79:27":6,"s:82:22:82:27":7,"f:88:9:88:34":0,"s:91:2:93:Infinity":8,"f:92:25:92:26":1,"s:92:34:92:89":9,"b:92:83:92:84:92:87:92:88":0,"s:96:25:146:1":10,"f:153:22:153:40":2,"s:154:2:154:Infinity":11,"s:155:23:155:72":12,"s:156:2:156:Infinity":13,"s:161:2:161:Infinity":14,"s:162:2:162:Infinity":15,"s:163:2:163:Infinity":16,"s:164:2:164:Infinity":17,"s:165:2:165:Infinity":18,"s:166:2:166:Infinity":19,"s:167:2:167:Infinity":20,"s:168:2:168:Infinity":21,"s:169:2:169:Infinity":22,"s:170:2:170:Infinity":23,"s:171:2:171:Infinity":24,"s:172:2:172:Infinity":25,"f:178:16:178:25":3,"b:179:2:179:Infinity:undefined:undefined:undefined:undefined":1,"s:179:2:179:Infinity":26,"b:179:6:179:13:179:17:179:56":2,"s:179:58:179:Infinity":27,"s:180:2:180:Infinity":28,"s:181:1:181:Infinity":29,"f:184:16:184:29":4,"s:185:2:185:Infinity":30,"f:188:16:188:27":5,"s:189:2:189:Infinity":31,"b:189:9:189:35:189:39:189:40":3,"f:195:16:195:30":6,"b:196:2:196:Infinity:undefined:undefined:undefined:undefined":4,"s:196:2:196:Infinity":32,"b:196:6:196:13:196:17:196:45":5,"s:196:47:196:Infinity":33,"s:197:2:197:Infinity":34,"s:198:1:198:Infinity":35,"f:201:16:201:30":7,"b:201:40:201:41":6,"b:202:2:202:Infinity:undefined:undefined:undefined:undefined":7,"s:202:2:202:Infinity":36,"s:202:15:202:Infinity":37,"s:203:2:203:Infinity":38,"s:204:1:204:Infinity":39,"f:207:16:207:32":8,"b:207:42:207:43":8,"b:208:2:208:Infinity:undefined:undefined:undefined:undefined":9,"s:208:2:208:Infinity":40,"s:208:15:208:Infinity":41,"s:209:2:209:Infinity":42,"s:210:1:210:Infinity":43,"f:216:16:216:31":9,"s:217:2:217:Infinity":44,"b:217:9:217:30:217:34:217:35":10,"f:220:16:220:31":10,"s:221:13:221:32":45,"b:222:2:222:Infinity:undefined:undefined:undefined:undefined":11,"s:222:2:222:Infinity":46,"s:222:12:222:Infinity":47,"s:223:16:223:35":48,"s:224:18:224:42":49,"s:225:2:233:Infinity":50,"b:230:44:230:48:230:50:230:82":12,"b:231:39:231:43:231:45:231:72":13,"f:240:16:240:31":11,"s:241:13:241:32":51,"b:242:2:242:Infinity:undefined:undefined:undefined:undefined":14,"s:242:2:242:Infinity":52,"s:242:12:242:Infinity":53,"s:244:16:244:35":54,"b:245:2:245:Infinity:undefined:undefined:undefined:undefined":15,"s:245:2:245:Infinity":55,"s:245:34:245:Infinity":56,"s:247:14:247:41":57,"s:248:18:248:42":58,"b:249:2:249:Infinity:undefined:undefined:undefined:undefined":16,"s:249:2:249:Infinity":59,"s:249:34:249:Infinity":60,"s:251:2:251:Infinity":61,"s:252:2:252:Infinity":62,"s:253:1:253:Infinity":63,"s:254:1:254:Infinity":64,"b:259:2:262:Infinity:undefined:undefined:undefined:undefined":17,"s:259:2:262:Infinity":65,"s:260:4:260:Infinity":66,"s:261:3:261:Infinity":67,"b:263:2:266:Infinity:undefined:undefined:undefined:undefined":18,"s:263:2:266:Infinity":68,"s:264:4:264:Infinity":69,"s:265:3:265:Infinity":70,"b:267:2:270:Infinity:undefined:undefined:undefined:undefined":19,"s:267:2:270:Infinity":71,"s:268:4:268:Infinity":72,"s:269:3:269:Infinity":73,"s:272:2:272:Infinity":74,"f:283:16:283:34":12,"s:284:2:284:Infinity":75,"f:287:16:287:33":13,"s:288:2:288:Infinity":76,"f:296:16:296:28":14,"b:297:2:297:Infinity:undefined:undefined:undefined:undefined":20,"s:297:2:297:Infinity":77,"b:297:6:297:39:297:43:297:67":21,"s:297:69:297:Infinity":78,"s:299:2:299:Infinity":79,"b:299:54:299:58:299:61:299:63":22,"s:300:1:300:Infinity":80,"s:301:2:301:Infinity":81,"f:310:16:310:36":15,"s:311:2:311:Infinity":82,"f:314:16:314:35":16,"s:315:2:315:Infinity":83,"f:322:16:322:30":17,"b:323:2:323:Infinity:undefined:undefined:undefined:undefined":23,"s:323:2:323:Infinity":84,"b:323:6:323:41:323:45:323:69":24,"s:323:71:323:Infinity":85,"s:325:2:325:Infinity":86,"s:326:1:326:Infinity":87,"s:327:2:327:Infinity":88,"f:330:16:330:32":18,"b:330:42:330:43":25,"s:331:2:331:Infinity":89,"f:334:16:334:28":19,"b:334:38:334:39":26,"s:335:2:335:Infinity":90,"s:336:1:336:Infinity":91,"f:339:16:339:29":20,"s:340:2:340:Infinity":92,"b:340:25:340:50:340:54:340:74":27,"b:340:32:340:36:340:40:340:42":28,"f:345:16:345:28":21,"b:345:35:345:48":29,"s:346:16:346:51":93,"s:347:18:347:37":94,"s:348:2:348:Infinity":95,"f:351:16:351:29":22,"b:352:2:352:Infinity:undefined:undefined:undefined:undefined":30,"s:352:2:352:Infinity":96,"s:352:34:352:Infinity":97,"s:353:2:353:Infinity":98,"s:354:1:354:Infinity":99,"s:361:29:361:62":100,"f:363:16:363:31":23,"b:364:2:364:Infinity:undefined:undefined:undefined:undefined":31,"s:364:2:364:Infinity":101,"s:364:45:364:Infinity":102,"s:365:2:365:Infinity":103,"s:366:1:366:Infinity":104,"f:374:16:374:31":24,"b:375:2:375:Infinity:undefined:undefined:undefined:undefined":32,"s:375:2:375:Infinity":105,"s:375:40:375:Infinity":106,"s:376:2:376:Infinity":107,"s:377:2:377:Infinity":108,"s:378:1:378:Infinity":109,"s:387:42:387:44":110,"s:395:44:395:46":111,"s:396:34:396:35":112,"s:397:34:397:35":113,"f:399:16:399:36":25,"s:400:2:400:Infinity":114,"f:403:16:403:34":26,"s:404:2:404:Infinity":115,"b:404:9:404:34:404:38:404:42":33,"f:407:16:407:34":27,"s:408:2:408:Infinity":116,"f:411:9:411:29":28,"s:412:19:412:116":117,"b:412:19:412:44:412:48:412:116":34,"b:412:61:412:65:412:69:412:71":35,"b:413:2:413:Infinity:undefined:undefined:undefined:undefined":36,"s:413:2:413:Infinity":118,"s:413:12:413:Infinity":119,"b:414:2:414:Infinity:undefined:undefined:undefined:undefined":37,"s:414:2:414:Infinity":120,"s:414:16:414:Infinity":121,"s:415:2:415:Infinity":122,"f:425:16:425:33":29,"b:425:76:425:78":38,"b:425:48:425:50":39,"b:425:70:425:71":40,"b:426:2:426:Infinity:undefined:undefined:undefined:undefined":41,"s:426:2:426:Infinity":123,"s:426:12:426:Infinity":124,"s:427:16:427:57":125,"s:428:2:428:Infinity":126,"s:429:2:429:Infinity":127,"s:430:1:430:Infinity":128,"f:438:16:438:33":30,"b:438:65:438:67":42,"b:438:48:438:50":43,"b:439:2:439:Infinity:undefined:undefined:undefined:undefined":44,"s:439:2:439:Infinity":129,"s:439:12:439:Infinity":130,"s:440:16:440:57":131,"s:441:2:441:Infinity":132,"s:442:2:442:Infinity":133,"s:443:1:443:Infinity":134,"f:450:16:450:29":31,"s:451:1:451:Infinity":135,"s:452:2:452:Infinity":136,"s:453:2:453:Infinity":137,"s:454:2:454:Infinity":138,"s:455:2:455:Infinity":139,"s:456:2:456:Infinity":140,"s:457:2:457:Infinity":141,"s:458:2:458:Infinity":142,"s:459:2:459:Infinity":143,"s:460:2:460:Infinity":144,"s:461:2:461:Infinity":145,"s:462:2:462:Infinity":146,"s:463:2:463:Infinity":147,"s:464:2:464:Infinity":148,"s:465:2:465:Infinity":149},"fnNames":{}}}
,"C:\\Projetos\\phaser\\HAGU\\src\\services\\StorageService.js": {"path":"C:\\Projetos\\phaser\\HAGU\\src\\services\\StorageService.js","statementMap":{"0":{"start":{"line":6,"column":23},"end":{"line":6,"column":37}},"1":{"start":{"line":9,"column":2},"end":{"line":9,"column":null}},"2":{"start":{"line":13,"column":2},"end":{"line":17,"column":null}},"3":{"start":{"line":14,"column":4},"end":{"line":14,"column":null}},"4":{"start":{"line":16,"column":4},"end":{"line":16,"column":null}},"5":{"start":{"line":21,"column":2},"end":{"line":27,"column":null}},"6":{"start":{"line":22,"column":16},"end":{"line":22,"column":58}},"7":{"start":{"line":23,"column":4},"end":{"line":23,"column":null}},"8":{"start":{"line":25,"column":4},"end":{"line":25,"column":null}},"9":{"start":{"line":26,"column":4},"end":{"line":26,"column":null}},"10":{"start":{"line":31,"column":2},"end":{"line":35,"column":null}},"11":{"start":{"line":32,"column":4},"end":{"line":32,"column":null}},"12":{"start":{"line":34,"column":4},"end":{"line":34,"column":null}},"13":{"start":{"line":43,"column":2},"end":{"line":52,"column":null}},"14":{"start":{"line":44,"column":25},"end":{"line":44,"column":27}},"15":{"start":{"line":45,"column":4},"end":{"line":48,"column":null}},"16":{"start":{"line":45,"column":17},"end":{"line":45,"column":18}},"17":{"start":{"line":46,"column":18},"end":{"line":46,"column":44}},"18":{"start":{"line":47,"column":6},"end":{"line":47,"column":null}},"19":{"start":{"line":47,"column":43},"end":{"line":47,"column":null}},"20":{"start":{"line":49,"column":4},"end":{"line":49,"column":null}},"21":{"start":{"line":49,"column":34},"end":{"line":49,"column":69}},"22":{"start":{"line":51,"column":4},"end":{"line":51,"column":null}}},"fnMap":{"0":{"name":"buildKey","decl":{"start":{"line":8,"column":9},"end":{"line":8,"column":17}},"loc":{"start":{"line":8,"column":23},"end":{"line":10,"column":null}},"line":8},"1":{"name":"save","decl":{"start":{"line":12,"column":16},"end":{"line":12,"column":20}},"loc":{"start":{"line":12,"column":33},"end":{"line":18,"column":null}},"line":12},"2":{"name":"load","decl":{"start":{"line":20,"column":16},"end":{"line":20,"column":20}},"loc":{"start":{"line":20,"column":43},"end":{"line":28,"column":null}},"line":20},"3":{"name":"remove","decl":{"start":{"line":30,"column":16},"end":{"line":30,"column":22}},"loc":{"start":{"line":30,"column":28},"end":{"line":36,"column":null}},"line":30},"4":{"name":"clearAll","decl":{"start":{"line":42,"column":16},"end":{"line":42,"column":24}},"loc":{"start":{"line":42,"column":27},"end":{"line":53,"column":null}},"line":42},"5":{"name":"(anonymous_5)","decl":{"start":{"line":49,"column":25},"end":{"line":49,"column":26}},"loc":{"start":{"line":49,"column":34},"end":{"line":49,"column":69}},"line":49}},"branchMap":{"0":{"loc":{"start":{"line":20,"column":26},"end":{"line":20,"column":41}},"type":"default-arg","locations":[{"start":{"line":20,"column":37},"end":{"line":20,"column":41}}],"line":20},"1":{"loc":{"start":{"line":23,"column":11},"end":{"line":23,"column":52}},"type":"cond-expr","locations":[{"start":{"line":23,"column":26},"end":{"line":23,"column":34}},{"start":{"line":23,"column":37},"end":{"line":23,"column":52}}],"line":23},"2":{"loc":{"start":{"line":47,"column":6},"end":{"line":47,"column":null}},"type":"if","locations":[{"start":{"line":47,"column":6},"end":{"line":47,"column":null}},{"start":{},"end":{}}],"line":47}},"s":{"0":4,"1":47,"2":35,"3":35,"4":0,"5":11,"6":11,"7":11,"8":2,"9":2,"10":1,"11":1,"12":0,"13":34,"14":34,"15":34,"16":34,"17":3,"18":3,"19":2,"20":34,"21":2,"22":0},"f":{"0":47,"1":35,"2":11,"3":1,"4":34,"5":2},"b":{"0":[11],"1":[5,6],"2":[2,1]},"meta":{"lastBranch":3,"lastFunction":6,"lastStatement":23,"seen":{"s:6:23:6:37":0,"f:8:9:8:17":0,"s:9:2:9:Infinity":1,"f:12:16:12:20":1,"s:13:2:17:Infinity":2,"s:14:4:14:Infinity":3,"s:16:4:16:Infinity":4,"f:20:16:20:20":2,"b:20:37:20:41":0,"s:21:2:27:Infinity":5,"s:22:16:22:58":6,"s:23:4:23:Infinity":7,"b:23:26:23:34:23:37:23:52":1,"s:25:4:25:Infinity":8,"s:26:4:26:Infinity":9,"f:30:16:30:22":3,"s:31:2:35:Infinity":10,"s:32:4:32:Infinity":11,"s:34:4:34:Infinity":12,"f:42:16:42:24":4,"s:43:2:52:Infinity":13,"s:44:25:44:27":14,"s:45:4:48:Infinity":15,"s:45:17:45:18":16,"s:46:18:46:44":17,"b:47:6:47:Infinity:undefined:undefined:undefined:undefined":2,"s:47:6:47:Infinity":18,"s:47:43:47:Infinity":19,"s:49:4:49:Infinity":20,"f:49:25:49:26":5,"s:49:34:49:69":21,"s:51:4:51:Infinity":22},"fnNames":{}}}
,"C:\\Projetos\\phaser\\HAGU\\test\\mocks\\phaser-stub.js": {"path":"C:\\Projetos\\phaser\\HAGU\\test\\mocks\\phaser-stub.js","statementMap":{"0":{"start":{"line":8,"column":13},"end":{"line":8,"column":28}},"1":{"start":{"line":8,"column":19},"end":{"line":8,"column":28}},"2":{"start":{"line":10,"column":16},"end":{"line":19,"column":1}},"3":{"start":{"line":12,"column":4},"end":{"line":12,"column":null}},"4":{"start":{"line":12,"column":24},"end":{"line":12,"column":null}},"5":{"start":{"line":13,"column":4},"end":{"line":13,"column":null}},"6":{"start":{"line":13,"column":53},"end":{"line":13,"column":null}},"7":{"start":{"line":14,"column":4},"end":{"line":14,"column":null}},"8":{"start":{"line":17,"column":4},"end":{"line":17,"column":null}},"9":{"start":{"line":21,"column":19},"end":{"line":21,"column":41}}},"fnMap":{"0":{"name":"(anonymous_0)","decl":{"start":{"line":8,"column":13},"end":{"line":8,"column":14}},"loc":{"start":{"line":8,"column":19},"end":{"line":8,"column":28}},"line":8},"1":{"name":"get","decl":{"start":{"line":11,"column":2},"end":{"line":11,"column":5}},"loc":{"start":{"line":11,"column":20},"end":{"line":15,"column":3}},"line":11},"2":{"name":"apply","decl":{"start":{"line":16,"column":2},"end":{"line":16,"column":7}},"loc":{"start":{"line":16,"column":10},"end":{"line":18,"column":3}},"line":16}},"branchMap":{"0":{"loc":{"start":{"line":12,"column":4},"end":{"line":12,"column":null}},"type":"if","locations":[{"start":{"line":12,"column":4},"end":{"line":12,"column":null}},{"start":{},"end":{}}],"line":12},"1":{"loc":{"start":{"line":13,"column":4},"end":{"line":13,"column":null}},"type":"if","locations":[{"start":{"line":13,"column":4},"end":{"line":13,"column":null}},{"start":{},"end":{}}],"line":13},"2":{"loc":{"start":{"line":13,"column":8},"end":{"line":13,"column":51}},"type":"binary-expr","locations":[{"start":{"line":13,"column":8},"end":{"line":13,"column":26}},{"start":{"line":13,"column":30},"end":{"line":13,"column":51}}],"line":13}},"s":{"0":1,"1":0,"2":1,"3":0,"4":0,"5":0,"6":0,"7":0,"8":0,"9":1},"f":{"0":0,"1":0,"2":0},"b":{"0":[0,0],"1":[0,0],"2":[0,0]},"meta":{"lastBranch":3,"lastFunction":3,"lastStatement":10,"seen":{"s:8:13:8:28":0,"f:8:13:8:14":0,"s:8:19:8:28":1,"s:10:16:19:1":2,"f:11:2:11:5":1,"b:12:4:12:Infinity:undefined:undefined:undefined:undefined":0,"s:12:4:12:Infinity":3,"s:12:24:12:Infinity":4,"b:13:4:13:Infinity:undefined:undefined:undefined:undefined":1,"s:13:4:13:Infinity":5,"b:13:8:13:26:13:30:13:51":2,"s:13:53:13:Infinity":6,"s:14:4:14:Infinity":7,"f:16:2:16:7":2,"s:17:4:17:Infinity":8,"s:21:19:21:41":9},"fnNames":{}}}
}
